<?xml version="1.0" encoding="UTF-8"?>
<testsuite xmlns:xsi="http://www.w3.org/2001/XMLSchema-instance" xsi:noNamespaceSchemaLocation="https://maven.apache.org/surefire/maven-surefire-plugin/xsd/surefire-test-report-3.0.xsd" version="3.0" name="TestSuite" time="231.874" tests="20" errors="0" skipped="0" failures="5">
  <properties>
    <property name="sun.desktop" value="windows"/>
    <property name="awt.toolkit" value="sun.awt.windows.WToolkit"/>
    <property name="java.specification.version" value="11"/>
    <property name="log4j.configurationFile" value="src/test/resources/configfiles/log4j2.properties"/>
    <property name="webdriver.chrome.driver" value="C:\Users\kartikeysharma\.cache\selenium\chromedriver\win64\125.0.6422.141\chromedriver.exe"/>
    <property name="sun.cpu.isalist" value="amd64"/>
    <property name="sun.jnu.encoding" value="Cp1252"/>
    <property name="java.class.path" value="C:\Users\kartikeysharma\Automation_QA\ExitTestFinal\target\test-classes;C:\Users\kartikeysharma\Automation_QA\ExitTestFinal\target\classes;C:\Users\kartikeysharma\.m2\repository\org\seleniumhq\selenium\selenium-java\4.19.1\selenium-java-4.19.1.jar;C:\Users\kartikeysharma\.m2\repository\org\seleniumhq\selenium\selenium-api\4.19.1\selenium-api-4.19.1.jar;C:\Users\kartikeysharma\.m2\repository\org\seleniumhq\selenium\selenium-chrome-driver\4.19.1\selenium-chrome-driver-4.19.1.jar;C:\Users\kartikeysharma\.m2\repository\com\google\auto\service\auto-service-annotations\1.1.1\auto-service-annotations-1.1.1.jar;C:\Users\kartikeysharma\.m2\repository\org\seleniumhq\selenium\selenium-chromium-driver\4.19.1\selenium-chromium-driver-4.19.1.jar;C:\Users\kartikeysharma\.m2\repository\org\seleniumhq\selenium\selenium-json\4.19.1\selenium-json-4.19.1.jar;C:\Users\kartikeysharma\.m2\repository\org\seleniumhq\selenium\selenium-manager\4.19.1\selenium-manager-4.19.1.jar;C:\Users\kartikeysharma\.m2\repository\org\seleniumhq\selenium\selenium-devtools-v121\4.19.1\selenium-devtools-v121-4.19.1.jar;C:\Users\kartikeysharma\.m2\repository\org\seleniumhq\selenium\selenium-devtools-v122\4.19.1\selenium-devtools-v122-4.19.1.jar;C:\Users\kartikeysharma\.m2\repository\org\seleniumhq\selenium\selenium-devtools-v123\4.19.1\selenium-devtools-v123-4.19.1.jar;C:\Users\kartikeysharma\.m2\repository\org\seleniumhq\selenium\selenium-devtools-v85\4.19.1\selenium-devtools-v85-4.19.1.jar;C:\Users\kartikeysharma\.m2\repository\org\seleniumhq\selenium\selenium-edge-driver\4.19.1\selenium-edge-driver-4.19.1.jar;C:\Users\kartikeysharma\.m2\repository\org\seleniumhq\selenium\selenium-firefox-driver\4.19.1\selenium-firefox-driver-4.19.1.jar;C:\Users\kartikeysharma\.m2\repository\org\seleniumhq\selenium\selenium-http\4.19.1\selenium-http-4.19.1.jar;C:\Users\kartikeysharma\.m2\repository\dev\failsafe\failsafe\3.3.2\failsafe-3.3.2.jar;C:\Users\kartikeysharma\.m2\repository\org\seleniumhq\selenium\selenium-ie-driver\4.19.1\selenium-ie-driver-4.19.1.jar;C:\Users\kartikeysharma\.m2\repository\org\seleniumhq\selenium\selenium-remote-driver\4.19.1\selenium-remote-driver-4.19.1.jar;C:\Users\kartikeysharma\.m2\repository\com\google\guava\guava\33.1.0-jre\guava-33.1.0-jre.jar;C:\Users\kartikeysharma\.m2\repository\com\google\guava\failureaccess\1.0.2\failureaccess-1.0.2.jar;C:\Users\kartikeysharma\.m2\repository\com\google\guava\listenablefuture\9999.0-empty-to-avoid-conflict-with-guava\listenablefuture-9999.0-empty-to-avoid-conflict-with-guava.jar;C:\Users\kartikeysharma\.m2\repository\com\google\code\findbugs\jsr305\3.0.2\jsr305-3.0.2.jar;C:\Users\kartikeysharma\.m2\repository\org\checkerframework\checker-qual\3.42.0\checker-qual-3.42.0.jar;C:\Users\kartikeysharma\.m2\repository\com\google\errorprone\error_prone_annotations\2.26.1\error_prone_annotations-2.26.1.jar;C:\Users\kartikeysharma\.m2\repository\com\google\j2objc\j2objc-annotations\3.0.0\j2objc-annotations-3.0.0.jar;C:\Users\kartikeysharma\.m2\repository\io\opentelemetry\semconv\opentelemetry-semconv\1.23.1-alpha\opentelemetry-semconv-1.23.1-alpha.jar;C:\Users\kartikeysharma\.m2\repository\io\opentelemetry\opentelemetry-api\1.36.0\opentelemetry-api-1.36.0.jar;C:\Users\kartikeysharma\.m2\repository\io\opentelemetry\opentelemetry-context\1.36.0\opentelemetry-context-1.36.0.jar;C:\Users\kartikeysharma\.m2\repository\io\opentelemetry\opentelemetry-exporter-logging\1.36.0\opentelemetry-exporter-logging-1.36.0.jar;C:\Users\kartikeysharma\.m2\repository\io\opentelemetry\opentelemetry-sdk-common\1.36.0\opentelemetry-sdk-common-1.36.0.jar;C:\Users\kartikeysharma\.m2\repository\io\opentelemetry\opentelemetry-sdk-extension-autoconfigure-spi\1.36.0\opentelemetry-sdk-extension-autoconfigure-spi-1.36.0.jar;C:\Users\kartikeysharma\.m2\repository\io\opentelemetry\opentelemetry-sdk-extension-autoconfigure\1.36.0\opentelemetry-sdk-extension-autoconfigure-1.36.0.jar;C:\Users\kartikeysharma\.m2\repository\io\opentelemetry\opentelemetry-api-events\1.36.0-alpha\opentelemetry-api-events-1.36.0-alpha.jar;C:\Users\kartikeysharma\.m2\repository\io\opentelemetry\opentelemetry-sdk-trace\1.36.0\opentelemetry-sdk-trace-1.36.0.jar;C:\Users\kartikeysharma\.m2\repository\io\opentelemetry\opentelemetry-extension-incubator\1.36.0-alpha\opentelemetry-extension-incubator-1.36.0-alpha.jar;C:\Users\kartikeysharma\.m2\repository\io\opentelemetry\opentelemetry-sdk\1.36.0\opentelemetry-sdk-1.36.0.jar;C:\Users\kartikeysharma\.m2\repository\io\opentelemetry\opentelemetry-sdk-metrics\1.36.0\opentelemetry-sdk-metrics-1.36.0.jar;C:\Users\kartikeysharma\.m2\repository\io\opentelemetry\opentelemetry-sdk-logs\1.36.0\opentelemetry-sdk-logs-1.36.0.jar;C:\Users\kartikeysharma\.m2\repository\net\bytebuddy\byte-buddy\1.14.12\byte-buddy-1.14.12.jar;C:\Users\kartikeysharma\.m2\repository\org\seleniumhq\selenium\selenium-os\4.19.1\selenium-os-4.19.1.jar;C:\Users\kartikeysharma\.m2\repository\org\apache\commons\commons-exec\1.3\commons-exec-1.3.jar;C:\Users\kartikeysharma\.m2\repository\org\seleniumhq\selenium\selenium-safari-driver\4.19.1\selenium-safari-driver-4.19.1.jar;C:\Users\kartikeysharma\.m2\repository\org\seleniumhq\selenium\selenium-support\4.19.1\selenium-support-4.19.1.jar;C:\Users\kartikeysharma\.m2\repository\io\github\bonigarcia\webdrivermanager\5.8.0\webdrivermanager-5.8.0.jar;C:\Users\kartikeysharma\.m2\repository\org\slf4j\slf4j-api\2.0.12\slf4j-api-2.0.12.jar;C:\Users\kartikeysharma\.m2\repository\com\google\code\gson\gson\2.10.1\gson-2.10.1.jar;C:\Users\kartikeysharma\.m2\repository\com\github\docker-java\docker-java\3.3.6\docker-java-3.3.6.jar;C:\Users\kartikeysharma\.m2\repository\com\github\docker-java\docker-java-core\3.3.6\docker-java-core-3.3.6.jar;C:\Users\kartikeysharma\.m2\repository\com\github\docker-java\docker-java-api\3.3.6\docker-java-api-3.3.6.jar;C:\Users\kartikeysharma\.m2\repository\com\fasterxml\jackson\core\jackson-annotations\2.10.3\jackson-annotations-2.10.3.jar;C:\Users\kartikeysharma\.m2\repository\com\fasterxml\jackson\core\jackson-databind\2.10.3\jackson-databind-2.10.3.jar;C:\Users\kartikeysharma\.m2\repository\com\fasterxml\jackson\core\jackson-core\2.10.3\jackson-core-2.10.3.jar;C:\Users\kartikeysharma\.m2\repository\org\bouncycastle\bcpkix-jdk18on\1.76\bcpkix-jdk18on-1.76.jar;C:\Users\kartikeysharma\.m2\repository\org\bouncycastle\bcprov-jdk18on\1.76\bcprov-jdk18on-1.76.jar;C:\Users\kartikeysharma\.m2\repository\org\bouncycastle\bcutil-jdk18on\1.76\bcutil-jdk18on-1.76.jar;C:\Users\kartikeysharma\.m2\repository\org\slf4j\jcl-over-slf4j\1.7.30\jcl-over-slf4j-1.7.30.jar;C:\Users\kartikeysharma\.m2\repository\com\github\docker-java\docker-java-transport-httpclient5\3.3.6\docker-java-transport-httpclient5-3.3.6.jar;C:\Users\kartikeysharma\.m2\repository\com\github\docker-java\docker-java-transport\3.3.6\docker-java-transport-3.3.6.jar;C:\Users\kartikeysharma\.m2\repository\net\java\dev\jna\jna\5.13.0\jna-5.13.0.jar;C:\Users\kartikeysharma\.m2\repository\org\brotli\dec\0.1.2\dec-0.1.2.jar;C:\Users\kartikeysharma\.m2\repository\org\apache\commons\commons-lang3\3.14.0\commons-lang3-3.14.0.jar;C:\Users\kartikeysharma\.m2\repository\org\apache\commons\commons-compress\1.26.1\commons-compress-1.26.1.jar;C:\Users\kartikeysharma\.m2\repository\org\apache\httpcomponents\client5\httpclient5\5.2.1\httpclient5-5.2.1.jar;C:\Users\kartikeysharma\.m2\repository\org\apache\httpcomponents\core5\httpcore5\5.2\httpcore5-5.2.jar;C:\Users\kartikeysharma\.m2\repository\org\apache\httpcomponents\core5\httpcore5-h2\5.2\httpcore5-h2-5.2.jar;C:\Users\kartikeysharma\.m2\repository\org\testng\testng\7.10.1\testng-7.10.1.jar;C:\Users\kartikeysharma\.m2\repository\com\beust\jcommander\1.82\jcommander-1.82.jar;C:\Users\kartikeysharma\.m2\repository\org\webjars\jquery\3.7.1\jquery-3.7.1.jar;C:\Users\kartikeysharma\.m2\repository\org\apache\poi\poi-ooxml\5.2.5\poi-ooxml-5.2.5.jar;C:\Users\kartikeysharma\.m2\repository\org\apache\poi\poi-ooxml-lite\5.2.5\poi-ooxml-lite-5.2.5.jar;C:\Users\kartikeysharma\.m2\repository\commons-io\commons-io\2.15.0\commons-io-2.15.0.jar;C:\Users\kartikeysharma\.m2\repository\com\github\virtuald\curvesapi\1.08\curvesapi-1.08.jar;C:\Users\kartikeysharma\.m2\repository\com\aventstack\extentreports\5.1.1\extentreports-5.1.1.jar;C:\Users\kartikeysharma\.m2\repository\io\reactivex\rxjava3\rxjava\3.1.6\rxjava-3.1.6.jar;C:\Users\kartikeysharma\.m2\repository\org\reactivestreams\reactive-streams\1.0.4\reactive-streams-1.0.4.jar;C:\Users\kartikeysharma\.m2\repository\org\freemarker\freemarker\2.3.32\freemarker-2.3.32.jar;C:\Users\kartikeysharma\.m2\repository\org\projectlombok\lombok\1.18.26\lombok-1.18.26.jar;C:\Users\kartikeysharma\.m2\repository\org\apache\logging\log4j\log4j-core\2.23.1\log4j-core-2.23.1.jar;C:\Users\kartikeysharma\.m2\repository\org\apache\logging\log4j\log4j-api\2.23.1\log4j-api-2.23.1.jar;C:\Users\kartikeysharma\.m2\repository\org\apache\poi\poi\5.2.5\poi-5.2.5.jar;C:\Users\kartikeysharma\.m2\repository\commons-codec\commons-codec\1.16.0\commons-codec-1.16.0.jar;C:\Users\kartikeysharma\.m2\repository\org\apache\commons\commons-math3\3.6.1\commons-math3-3.6.1.jar;C:\Users\kartikeysharma\.m2\repository\com\zaxxer\SparseBitSet\1.3\SparseBitSet-1.3.jar;C:\Users\kartikeysharma\.m2\repository\org\apache\poi\poi-ooxml-schemas\4.1.2\poi-ooxml-schemas-4.1.2.jar;C:\Users\kartikeysharma\.m2\repository\org\apache\xmlbeans\xmlbeans\5.2.1\xmlbeans-5.2.1.jar;C:\Users\kartikeysharma\.m2\repository\org\apache\commons\commons-collections4\4.5.0-M1\commons-collections4-4.5.0-M1.jar;"/>
    <property name="java.vm.vendor" value="Oracle Corporation"/>
    <property name="sun.arch.data.model" value="64"/>
    <property name="user.variant" value=""/>
    <property name="java.vendor.url" value="http://java.oracle.com/"/>
    <property name="user.timezone" value="Asia/Calcutta"/>
    <property name="java.vm.specification.version" value="11"/>
    <property name="os.name" value="Windows 10"/>
    <property name="sun.java.launcher" value="SUN_STANDARD"/>
    <property name="user.country" value="IN"/>
    <property name="sun.boot.library.path" value="C:\.Net &amp; Java Software\Open JKD -11\bin"/>
    <property name="sun.java.command" value="C:\Users\kartikeysharma\AppData\Local\Temp\surefire18203847181178503791\surefirebooter-20240612203340868_3.jar C:\Users\kartikeysharma\AppData\Local\Temp\surefire18203847181178503791 2024-06-12T20-33-39_198-jvmRun1 surefire-20240612203340868_1tmp surefire_0-20240612203340868_2tmp"/>
    <property name="jdk.debug" value="release"/>
    <property name="surefire.test.class.path" value="C:\Users\kartikeysharma\Automation_QA\ExitTestFinal\target\test-classes;C:\Users\kartikeysharma\Automation_QA\ExitTestFinal\target\classes;C:\Users\kartikeysharma\.m2\repository\org\seleniumhq\selenium\selenium-java\4.19.1\selenium-java-4.19.1.jar;C:\Users\kartikeysharma\.m2\repository\org\seleniumhq\selenium\selenium-api\4.19.1\selenium-api-4.19.1.jar;C:\Users\kartikeysharma\.m2\repository\org\seleniumhq\selenium\selenium-chrome-driver\4.19.1\selenium-chrome-driver-4.19.1.jar;C:\Users\kartikeysharma\.m2\repository\com\google\auto\service\auto-service-annotations\1.1.1\auto-service-annotations-1.1.1.jar;C:\Users\kartikeysharma\.m2\repository\org\seleniumhq\selenium\selenium-chromium-driver\4.19.1\selenium-chromium-driver-4.19.1.jar;C:\Users\kartikeysharma\.m2\repository\org\seleniumhq\selenium\selenium-json\4.19.1\selenium-json-4.19.1.jar;C:\Users\kartikeysharma\.m2\repository\org\seleniumhq\selenium\selenium-manager\4.19.1\selenium-manager-4.19.1.jar;C:\Users\kartikeysharma\.m2\repository\org\seleniumhq\selenium\selenium-devtools-v121\4.19.1\selenium-devtools-v121-4.19.1.jar;C:\Users\kartikeysharma\.m2\repository\org\seleniumhq\selenium\selenium-devtools-v122\4.19.1\selenium-devtools-v122-4.19.1.jar;C:\Users\kartikeysharma\.m2\repository\org\seleniumhq\selenium\selenium-devtools-v123\4.19.1\selenium-devtools-v123-4.19.1.jar;C:\Users\kartikeysharma\.m2\repository\org\seleniumhq\selenium\selenium-devtools-v85\4.19.1\selenium-devtools-v85-4.19.1.jar;C:\Users\kartikeysharma\.m2\repository\org\seleniumhq\selenium\selenium-edge-driver\4.19.1\selenium-edge-driver-4.19.1.jar;C:\Users\kartikeysharma\.m2\repository\org\seleniumhq\selenium\selenium-firefox-driver\4.19.1\selenium-firefox-driver-4.19.1.jar;C:\Users\kartikeysharma\.m2\repository\org\seleniumhq\selenium\selenium-http\4.19.1\selenium-http-4.19.1.jar;C:\Users\kartikeysharma\.m2\repository\dev\failsafe\failsafe\3.3.2\failsafe-3.3.2.jar;C:\Users\kartikeysharma\.m2\repository\org\seleniumhq\selenium\selenium-ie-driver\4.19.1\selenium-ie-driver-4.19.1.jar;C:\Users\kartikeysharma\.m2\repository\org\seleniumhq\selenium\selenium-remote-driver\4.19.1\selenium-remote-driver-4.19.1.jar;C:\Users\kartikeysharma\.m2\repository\com\google\guava\guava\33.1.0-jre\guava-33.1.0-jre.jar;C:\Users\kartikeysharma\.m2\repository\com\google\guava\failureaccess\1.0.2\failureaccess-1.0.2.jar;C:\Users\kartikeysharma\.m2\repository\com\google\guava\listenablefuture\9999.0-empty-to-avoid-conflict-with-guava\listenablefuture-9999.0-empty-to-avoid-conflict-with-guava.jar;C:\Users\kartikeysharma\.m2\repository\com\google\code\findbugs\jsr305\3.0.2\jsr305-3.0.2.jar;C:\Users\kartikeysharma\.m2\repository\org\checkerframework\checker-qual\3.42.0\checker-qual-3.42.0.jar;C:\Users\kartikeysharma\.m2\repository\com\google\errorprone\error_prone_annotations\2.26.1\error_prone_annotations-2.26.1.jar;C:\Users\kartikeysharma\.m2\repository\com\google\j2objc\j2objc-annotations\3.0.0\j2objc-annotations-3.0.0.jar;C:\Users\kartikeysharma\.m2\repository\io\opentelemetry\semconv\opentelemetry-semconv\1.23.1-alpha\opentelemetry-semconv-1.23.1-alpha.jar;C:\Users\kartikeysharma\.m2\repository\io\opentelemetry\opentelemetry-api\1.36.0\opentelemetry-api-1.36.0.jar;C:\Users\kartikeysharma\.m2\repository\io\opentelemetry\opentelemetry-context\1.36.0\opentelemetry-context-1.36.0.jar;C:\Users\kartikeysharma\.m2\repository\io\opentelemetry\opentelemetry-exporter-logging\1.36.0\opentelemetry-exporter-logging-1.36.0.jar;C:\Users\kartikeysharma\.m2\repository\io\opentelemetry\opentelemetry-sdk-common\1.36.0\opentelemetry-sdk-common-1.36.0.jar;C:\Users\kartikeysharma\.m2\repository\io\opentelemetry\opentelemetry-sdk-extension-autoconfigure-spi\1.36.0\opentelemetry-sdk-extension-autoconfigure-spi-1.36.0.jar;C:\Users\kartikeysharma\.m2\repository\io\opentelemetry\opentelemetry-sdk-extension-autoconfigure\1.36.0\opentelemetry-sdk-extension-autoconfigure-1.36.0.jar;C:\Users\kartikeysharma\.m2\repository\io\opentelemetry\opentelemetry-api-events\1.36.0-alpha\opentelemetry-api-events-1.36.0-alpha.jar;C:\Users\kartikeysharma\.m2\repository\io\opentelemetry\opentelemetry-sdk-trace\1.36.0\opentelemetry-sdk-trace-1.36.0.jar;C:\Users\kartikeysharma\.m2\repository\io\opentelemetry\opentelemetry-extension-incubator\1.36.0-alpha\opentelemetry-extension-incubator-1.36.0-alpha.jar;C:\Users\kartikeysharma\.m2\repository\io\opentelemetry\opentelemetry-sdk\1.36.0\opentelemetry-sdk-1.36.0.jar;C:\Users\kartikeysharma\.m2\repository\io\opentelemetry\opentelemetry-sdk-metrics\1.36.0\opentelemetry-sdk-metrics-1.36.0.jar;C:\Users\kartikeysharma\.m2\repository\io\opentelemetry\opentelemetry-sdk-logs\1.36.0\opentelemetry-sdk-logs-1.36.0.jar;C:\Users\kartikeysharma\.m2\repository\net\bytebuddy\byte-buddy\1.14.12\byte-buddy-1.14.12.jar;C:\Users\kartikeysharma\.m2\repository\org\seleniumhq\selenium\selenium-os\4.19.1\selenium-os-4.19.1.jar;C:\Users\kartikeysharma\.m2\repository\org\apache\commons\commons-exec\1.3\commons-exec-1.3.jar;C:\Users\kartikeysharma\.m2\repository\org\seleniumhq\selenium\selenium-safari-driver\4.19.1\selenium-safari-driver-4.19.1.jar;C:\Users\kartikeysharma\.m2\repository\org\seleniumhq\selenium\selenium-support\4.19.1\selenium-support-4.19.1.jar;C:\Users\kartikeysharma\.m2\repository\io\github\bonigarcia\webdrivermanager\5.8.0\webdrivermanager-5.8.0.jar;C:\Users\kartikeysharma\.m2\repository\org\slf4j\slf4j-api\2.0.12\slf4j-api-2.0.12.jar;C:\Users\kartikeysharma\.m2\repository\com\google\code\gson\gson\2.10.1\gson-2.10.1.jar;C:\Users\kartikeysharma\.m2\repository\com\github\docker-java\docker-java\3.3.6\docker-java-3.3.6.jar;C:\Users\kartikeysharma\.m2\repository\com\github\docker-java\docker-java-core\3.3.6\docker-java-core-3.3.6.jar;C:\Users\kartikeysharma\.m2\repository\com\github\docker-java\docker-java-api\3.3.6\docker-java-api-3.3.6.jar;C:\Users\kartikeysharma\.m2\repository\com\fasterxml\jackson\core\jackson-annotations\2.10.3\jackson-annotations-2.10.3.jar;C:\Users\kartikeysharma\.m2\repository\com\fasterxml\jackson\core\jackson-databind\2.10.3\jackson-databind-2.10.3.jar;C:\Users\kartikeysharma\.m2\repository\com\fasterxml\jackson\core\jackson-core\2.10.3\jackson-core-2.10.3.jar;C:\Users\kartikeysharma\.m2\repository\org\bouncycastle\bcpkix-jdk18on\1.76\bcpkix-jdk18on-1.76.jar;C:\Users\kartikeysharma\.m2\repository\org\bouncycastle\bcprov-jdk18on\1.76\bcprov-jdk18on-1.76.jar;C:\Users\kartikeysharma\.m2\repository\org\bouncycastle\bcutil-jdk18on\1.76\bcutil-jdk18on-1.76.jar;C:\Users\kartikeysharma\.m2\repository\org\slf4j\jcl-over-slf4j\1.7.30\jcl-over-slf4j-1.7.30.jar;C:\Users\kartikeysharma\.m2\repository\com\github\docker-java\docker-java-transport-httpclient5\3.3.6\docker-java-transport-httpclient5-3.3.6.jar;C:\Users\kartikeysharma\.m2\repository\com\github\docker-java\docker-java-transport\3.3.6\docker-java-transport-3.3.6.jar;C:\Users\kartikeysharma\.m2\repository\net\java\dev\jna\jna\5.13.0\jna-5.13.0.jar;C:\Users\kartikeysharma\.m2\repository\org\brotli\dec\0.1.2\dec-0.1.2.jar;C:\Users\kartikeysharma\.m2\repository\org\apache\commons\commons-lang3\3.14.0\commons-lang3-3.14.0.jar;C:\Users\kartikeysharma\.m2\repository\org\apache\commons\commons-compress\1.26.1\commons-compress-1.26.1.jar;C:\Users\kartikeysharma\.m2\repository\org\apache\httpcomponents\client5\httpclient5\5.2.1\httpclient5-5.2.1.jar;C:\Users\kartikeysharma\.m2\repository\org\apache\httpcomponents\core5\httpcore5\5.2\httpcore5-5.2.jar;C:\Users\kartikeysharma\.m2\repository\org\apache\httpcomponents\core5\httpcore5-h2\5.2\httpcore5-h2-5.2.jar;C:\Users\kartikeysharma\.m2\repository\org\testng\testng\7.10.1\testng-7.10.1.jar;C:\Users\kartikeysharma\.m2\repository\com\beust\jcommander\1.82\jcommander-1.82.jar;C:\Users\kartikeysharma\.m2\repository\org\webjars\jquery\3.7.1\jquery-3.7.1.jar;C:\Users\kartikeysharma\.m2\repository\org\apache\poi\poi-ooxml\5.2.5\poi-ooxml-5.2.5.jar;C:\Users\kartikeysharma\.m2\repository\org\apache\poi\poi-ooxml-lite\5.2.5\poi-ooxml-lite-5.2.5.jar;C:\Users\kartikeysharma\.m2\repository\commons-io\commons-io\2.15.0\commons-io-2.15.0.jar;C:\Users\kartikeysharma\.m2\repository\com\github\virtuald\curvesapi\1.08\curvesapi-1.08.jar;C:\Users\kartikeysharma\.m2\repository\com\aventstack\extentreports\5.1.1\extentreports-5.1.1.jar;C:\Users\kartikeysharma\.m2\repository\io\reactivex\rxjava3\rxjava\3.1.6\rxjava-3.1.6.jar;C:\Users\kartikeysharma\.m2\repository\org\reactivestreams\reactive-streams\1.0.4\reactive-streams-1.0.4.jar;C:\Users\kartikeysharma\.m2\repository\org\freemarker\freemarker\2.3.32\freemarker-2.3.32.jar;C:\Users\kartikeysharma\.m2\repository\org\projectlombok\lombok\1.18.26\lombok-1.18.26.jar;C:\Users\kartikeysharma\.m2\repository\org\apache\logging\log4j\log4j-core\2.23.1\log4j-core-2.23.1.jar;C:\Users\kartikeysharma\.m2\repository\org\apache\logging\log4j\log4j-api\2.23.1\log4j-api-2.23.1.jar;C:\Users\kartikeysharma\.m2\repository\org\apache\poi\poi\5.2.5\poi-5.2.5.jar;C:\Users\kartikeysharma\.m2\repository\commons-codec\commons-codec\1.16.0\commons-codec-1.16.0.jar;C:\Users\kartikeysharma\.m2\repository\org\apache\commons\commons-math3\3.6.1\commons-math3-3.6.1.jar;C:\Users\kartikeysharma\.m2\repository\com\zaxxer\SparseBitSet\1.3\SparseBitSet-1.3.jar;C:\Users\kartikeysharma\.m2\repository\org\apache\poi\poi-ooxml-schemas\4.1.2\poi-ooxml-schemas-4.1.2.jar;C:\Users\kartikeysharma\.m2\repository\org\apache\xmlbeans\xmlbeans\5.2.1\xmlbeans-5.2.1.jar;C:\Users\kartikeysharma\.m2\repository\org\apache\commons\commons-collections4\4.5.0-M1\commons-collections4-4.5.0-M1.jar;"/>
    <property name="sun.cpu.endian" value="little"/>
    <property name="user.home" value="C:\Users\kartikeysharma"/>
    <property name="user.language" value="en"/>
    <property name="java.specification.vendor" value="Oracle Corporation"/>
    <property name="java.version.date" value="2018-10-16"/>
    <property name="java.home" value="C:\.Net &amp; Java Software\Open JKD -11"/>
    <property name="file.separator" value="\"/>
    <property name="basedir" value="C:\Users\kartikeysharma\Automation_QA\ExitTestFinal"/>
    <property name="java.vm.compressedOopsMode" value="Zero based"/>
    <property name="line.separator" value="&#10;"/>
    <property name="java.specification.name" value="Java Platform API Specification"/>
    <property name="java.vm.specification.vendor" value="Oracle Corporation"/>
    <property name="java.awt.graphicsenv" value="sun.awt.Win32GraphicsEnvironment"/>
    <property name="suiteXMLFile" value="testng.xml"/>
    <property name="surefire.real.class.path" value="C:\Users\kartikeysharma\AppData\Local\Temp\surefire18203847181178503791\surefirebooter-20240612203340868_3.jar"/>
    <property name="user.script" value=""/>
    <property name="sun.management.compiler" value="HotSpot 64-Bit Tiered Compilers"/>
    <property name="java.runtime.version" value="11.0.1+13"/>
    <property name="user.name" value="kartikeysharma"/>
    <property name="path.separator" value=";"/>
    <property name="os.version" value="10.0"/>
    <property name="java.runtime.name" value="OpenJDK Runtime Environment"/>
    <property name="file.encoding" value="Cp1252"/>
    <property name="java.vm.name" value="OpenJDK 64-Bit Server VM"/>
    <property name="java.vendor.version" value="18.9"/>
    <property name="localRepository" value="C:\Users\kartikeysharma\.m2\repository"/>
    <property name="java.vendor.url.bug" value="http://bugreport.java.com/bugreport/"/>
    <property name="java.io.tmpdir" value="C:\Users\KARTIK~1\AppData\Local\Temp\"/>
    <property name="java.version" value="11.0.1"/>
    <property name="user.dir" value="C:\Users\kartikeysharma\Automation_QA\ExitTestFinal"/>
    <property name="os.arch" value="amd64"/>
    <property name="java.vm.specification.name" value="Java Virtual Machine Specification"/>
    <property name="java.awt.printerjob" value="sun.awt.windows.WPrinterJob"/>
    <property name="sun.os.patch.level" value=""/>
    <property name="java.library.path" value="C:\.Net &amp; Java Software\Open JKD -11\bin;C:\WINDOWS\Sun\Java\bin;C:\WINDOWS\system32;C:\WINDOWS;C:\WINDOWS\system32;C:\WINDOWS;C:\WINDOWS\System32\Wbem;C:\WINDOWS\System32\WindowsPowerShell\v1.0\;C:\WINDOWS\System32\OpenSSH\;C:\Program Files\Microsoft SQL Server\130\Tools\Binn\;C:\Program Files\Microsoft SQL Server\Client SDK\ODBC\170\Tools\Binn\;C:\.Net &amp; Java Software\Open JKD -11\bin;C:\Program Files (x86)\Microsoft SQL Server\150\DTS\Binn\;C:\Program Files\Azure Data Studio\bin;C:\Program Files (x86)\Microsoft SQL Server\140\Tools\Binn\;C:\Program Files\Microsoft SQL Server\140\Tools\Binn\;C:\Program Files (x86)\Microsoft SQL Server\140\DTS\Binn\;C:\Program Files\Microsoft SQL Server\140\DTS\Binn\;C:\Program Files\Microsoft SQL Server\Client SDK\ODBC\130\Tools\Binn\;C:\Program Files (x86)\Microsoft SQL Server\160\Tools\Binn\;C:\Program Files\Microsoft SQL Server\160\Tools\Binn\;C:\Program Files\Microsoft SQL Server\160\DTS\Binn\;C:\Program Files\dotnet\;C:\Program Files\Microsoft SQL Server\150\Tools\Binn\;C:\Program Files\nodejs\;C:\Program Files\RedHat\java-11-openjdk-11.0.5-2\bin;C:\apache-maven-3.9.6\bin;C:\Program Files\TortoiseSVN\bin;C:\Program Files\Git\cmd;C:\Users\kartikeysharma\AppData\Local\Microsoft\WindowsApps;C:\Program Files\Azure Data Studio\bin;C:\Users\kartikeysharma\AppData\Local\Programs\Microsoft VS Code\bin;C:\Users\kartikeysharma\AppData\Roaming\npm;C:\Users\kartikeysharma\.dotnet\tools;C:\Users\kartikeysharma\AppData\Local\Microsoft\WindowsApps\python.exe;C:\Users\kartikeysharma\AppData\Local\Programs\Tesseract-OCR;C:\Users\kartikeysharma\AppData\Local\Programs\Tesseract-OCR\tesseract.exe;;C:\Users\kartikeysharma\AppData\Local\JetBrains\PyCharm Community Edition 2024.1.1\bin;;."/>
    <property name="java.vendor" value="Oracle Corporation"/>
    <property name="java.vm.info" value="mixed mode"/>
    <property name="java.vm.version" value="11.0.1+13"/>
    <property name="sun.io.unicode.encoding" value="UnicodeLittle"/>
    <property name="java.class.version" value="55.0"/>
  </properties>
  <testcase name="search[phones, samsung](1)" classname="testcase.FirstOpeartionTest" time="0.072">
    <system-out><![CDATA[The extent is working
On Start method invoked....
[DEBUG] 2024-06-12 20:33:46.044 [main] PackageRelationshipCollection - Parsing relationship: /xl/_rels/workbook.xml.rels
[DEBUG] 2024-06-12 20:33:46.061 [main] PackageRelationshipCollection - Parsing relationship: /xl/worksheets/_rels/sheet3.xml.rels
[DEBUG] 2024-06-12 20:33:46.092 [main] PackageRelationshipCollection - Parsing relationship: /_rels/.rels
[DEBUG] 2024-06-12 20:33:46.739 [main] PackageRelationshipCollection - Parsing relationship: /xl/_rels/workbook.xml.rels
[DEBUG] 2024-06-12 20:33:46.741 [main] PackageRelationshipCollection - Parsing relationship: /xl/worksheets/_rels/sheet3.xml.rels
[DEBUG] 2024-06-12 20:33:46.741 [main] PackageRelationshipCollection - Parsing relationship: /_rels/.rels
[DEBUG] 2024-06-12 20:33:46.787 [main] PackageRelationshipCollection - Parsing relationship: /xl/_rels/workbook.xml.rels
[DEBUG] 2024-06-12 20:33:46.787 [main] PackageRelationshipCollection - Parsing relationship: /xl/worksheets/_rels/sheet3.xml.rels
[DEBUG] 2024-06-12 20:33:46.787 [main] PackageRelationshipCollection - Parsing relationship: /_rels/.rels
[INFO ] 2024-06-12 20:33:46.842 [main] ExitTest - Test operation is not active for the search
Name of test method started From Extent Report:search
[ERROR] 2024-06-12 20:33:46.842 [main] ExitTest - Searching is not activated
Name of test method sucessfully executed:search
]]></system-out>
    <system-err><![CDATA[SLF4J(W): No SLF4J providers were found.
SLF4J(W): Defaulting to no-operation (NOP) logger implementation
SLF4J(W): See https://www.slf4j.org/codes.html#noProviders for further details.
]]></system-err>
  </testcase>
  <testcase name="grocery[208001, Lays American Style Cream and Onion Chips](1)" classname="testcase.FirstOpeartionTest" time="14.017">
    <failure message="no such element: Unable to locate element: {&quot;method&quot;:&quot;xpath&quot;,&quot;selector&quot;:&quot;//div[@class=&apos;_75nlfW&apos;]//button[2]&quot;}&#10;  (Session info: chrome=125.0.6422.142)&#10;For documentation on this error, please visit: https://www.selenium.dev/documentation/webdriver/troubleshooting/errors#no-such-element-exception&#10;Build info: version: &apos;4.19.1&apos;, revision: &apos;abe0ee07dc&apos;&#10;System info: os.name: &apos;Windows 10&apos;, os.arch: &apos;amd64&apos;, os.version: &apos;10.0&apos;, java.version: &apos;11.0.1&apos;&#10;Driver info: org.openqa.selenium.chrome.ChromeDriver&#10;Command: [da150425868bd92fe19b29d99856ee17, findElement {using=xpath, value=//div[@class=&apos;_75nlfW&apos;]//button[2]}]&#10;Capabilities {acceptInsecureCerts: false, browserName: chrome, browserVersion: 125.0.6422.142, chrome: {chromedriverVersion: 125.0.6422.141 (4b1e8393712..., userDataDir: C:\Users\KARTIK~1\AppData\L...}, fedcm:accounts: true, goog:chromeOptions: {debuggerAddress: localhost:60088}, networkConnectionEnabled: false, pageLoadStrategy: normal, platformName: windows, proxy: Proxy(), se:cdp: ws://localhost:60088/devtoo..., se:cdpVersion: 125.0.6422.142, setWindowRect: true, strictFileInteractability: false, timeouts: {implicit: 0, pageLoad: 300000, script: 30000}, unhandledPromptBehavior: dismiss and notify, webauthn:extension:credBlob: true, webauthn:extension:largeBlob: true, webauthn:extension:minPinLength: true, webauthn:extension:prf: true, webauthn:virtualAuthenticators: true}&#10;Session ID: da150425868bd92fe19b29d99856ee17" type="org.openqa.selenium.NoSuchElementException"><![CDATA[org.openqa.selenium.NoSuchElementException: 
no such element: Unable to locate element: {"method":"xpath","selector":"//div[@class='_75nlfW']//button[2]"}
  (Session info: chrome=125.0.6422.142)
For documentation on this error, please visit: https://www.selenium.dev/documentation/webdriver/troubleshooting/errors#no-such-element-exception
Build info: version: '4.19.1', revision: 'abe0ee07dc'
System info: os.name: 'Windows 10', os.arch: 'amd64', os.version: '10.0', java.version: '11.0.1'
Driver info: org.openqa.selenium.chrome.ChromeDriver
Command: [da150425868bd92fe19b29d99856ee17, findElement {using=xpath, value=//div[@class='_75nlfW']//button[2]}]
Capabilities {acceptInsecureCerts: false, browserName: chrome, browserVersion: 125.0.6422.142, chrome: {chromedriverVersion: 125.0.6422.141 (4b1e8393712..., userDataDir: C:\Users\KARTIK~1\AppData\L...}, fedcm:accounts: true, goog:chromeOptions: {debuggerAddress: localhost:60088}, networkConnectionEnabled: false, pageLoadStrategy: normal, platformName: windows, proxy: Proxy(), se:cdp: ws://localhost:60088/devtoo..., se:cdpVersion: 125.0.6422.142, setWindowRect: true, strictFileInteractability: false, timeouts: {implicit: 0, pageLoad: 300000, script: 30000}, unhandledPromptBehavior: dismiss and notify, webauthn:extension:credBlob: true, webauthn:extension:largeBlob: true, webauthn:extension:minPinLength: true, webauthn:extension:prf: true, webauthn:virtualAuthenticators: true}
Session ID: da150425868bd92fe19b29d99856ee17
	at java.base/jdk.internal.reflect.NativeConstructorAccessorImpl.newInstance0(Native Method)
	at java.base/jdk.internal.reflect.NativeConstructorAccessorImpl.newInstance(NativeConstructorAccessorImpl.java:62)
	at java.base/jdk.internal.reflect.DelegatingConstructorAccessorImpl.newInstance(DelegatingConstructorAccessorImpl.java:45)
	at java.base/java.lang.reflect.Constructor.newInstance(Constructor.java:490)
	at org.openqa.selenium.remote.ErrorCodec.decode(ErrorCodec.java:167)
	at org.openqa.selenium.remote.codec.w3c.W3CHttpResponseCodec.decode(W3CHttpResponseCodec.java:138)
	at org.openqa.selenium.remote.codec.w3c.W3CHttpResponseCodec.decode(W3CHttpResponseCodec.java:50)
	at org.openqa.selenium.remote.HttpCommandExecutor.execute(HttpCommandExecutor.java:190)
	at org.openqa.selenium.remote.service.DriverCommandExecutor.invokeExecute(DriverCommandExecutor.java:216)
	at org.openqa.selenium.remote.service.DriverCommandExecutor.execute(DriverCommandExecutor.java:174)
	at org.openqa.selenium.remote.RemoteWebDriver.execute(RemoteWebDriver.java:518)
	at org.openqa.selenium.remote.ElementLocation$ElementFinder$2.findElement(ElementLocation.java:165)
	at org.openqa.selenium.remote.ElementLocation.findElement(ElementLocation.java:59)
	at org.openqa.selenium.remote.RemoteWebDriver.findElement(RemoteWebDriver.java:355)
	at org.openqa.selenium.remote.RemoteWebDriver.findElement(RemoteWebDriver.java:349)
	at pages.FirstOpeartionPage.Grocery(FirstOpeartionPage.java:61)
	at testcase.FirstOpeartionTest.grocery(FirstOpeartionTest.java:33)
	at java.base/jdk.internal.reflect.NativeMethodAccessorImpl.invoke0(Native Method)
	at java.base/jdk.internal.reflect.NativeMethodAccessorImpl.invoke(NativeMethodAccessorImpl.java:62)
	at java.base/jdk.internal.reflect.DelegatingMethodAccessorImpl.invoke(DelegatingMethodAccessorImpl.java:43)
	at java.base/java.lang.reflect.Method.invoke(Method.java:566)
	at org.testng.internal.invokers.MethodInvocationHelper.invokeMethod(MethodInvocationHelper.java:141)
	at org.testng.internal.invokers.TestInvoker.invokeMethod(TestInvoker.java:686)
	at org.testng.internal.invokers.TestInvoker.invokeTestMethod(TestInvoker.java:230)
	at org.testng.internal.invokers.MethodRunner.runInSequence(MethodRunner.java:63)
	at org.testng.internal.invokers.TestInvoker$MethodInvocationAgent.invoke(TestInvoker.java:992)
	at org.testng.internal.invokers.TestInvoker.invokeTestMethods(TestInvoker.java:203)
	at org.testng.internal.invokers.TestMethodWorker.invokeTestMethods(TestMethodWorker.java:154)
	at org.testng.internal.invokers.TestMethodWorker.run(TestMethodWorker.java:134)
	at java.base/java.util.ArrayList.forEach(ArrayList.java:1540)
	at org.testng.TestRunner.privateRun(TestRunner.java:739)
	at org.testng.TestRunner.run(TestRunner.java:614)
	at org.testng.SuiteRunner.runTest(SuiteRunner.java:421)
	at org.testng.SuiteRunner.runSequentially(SuiteRunner.java:413)
	at org.testng.SuiteRunner.privateRun(SuiteRunner.java:373)
	at org.testng.SuiteRunner.run(SuiteRunner.java:312)
	at org.testng.SuiteRunnerWorker.runSuite(SuiteRunnerWorker.java:52)
	at org.testng.SuiteRunnerWorker.run(SuiteRunnerWorker.java:95)
	at org.testng.TestNG.runSuitesSequentially(TestNG.java:1274)
	at org.testng.TestNG.runSuitesLocally(TestNG.java:1208)
	at org.testng.TestNG.runSuites(TestNG.java:1112)
	at org.testng.TestNG.run(TestNG.java:1079)
	at org.apache.maven.surefire.testng.TestNGExecutor.run(TestNGExecutor.java:308)
	at org.apache.maven.surefire.testng.TestNGXmlTestSuite.execute(TestNGXmlTestSuite.java:71)
	at org.apache.maven.surefire.testng.TestNGProvider.invoke(TestNGProvider.java:113)
	at org.apache.maven.surefire.booter.ForkedBooter.runSuitesInProcess(ForkedBooter.java:385)
	at org.apache.maven.surefire.booter.ForkedBooter.execute(ForkedBooter.java:162)
	at org.apache.maven.surefire.booter.ForkedBooter.run(ForkedBooter.java:507)
	at org.apache.maven.surefire.booter.ForkedBooter.main(ForkedBooter.java:495)
]]></failure>
    <system-out><![CDATA[[DEBUG] 2024-06-12 20:33:46.914 [main] PackageRelationshipCollection - Parsing relationship: /xl/_rels/workbook.xml.rels
[DEBUG] 2024-06-12 20:33:46.914 [main] PackageRelationshipCollection - Parsing relationship: /xl/worksheets/_rels/sheet3.xml.rels
[DEBUG] 2024-06-12 20:33:46.914 [main] PackageRelationshipCollection - Parsing relationship: /_rels/.rels
[DEBUG] 2024-06-12 20:33:46.977 [main] PackageRelationshipCollection - Parsing relationship: /xl/_rels/workbook.xml.rels
[DEBUG] 2024-06-12 20:33:46.977 [main] PackageRelationshipCollection - Parsing relationship: /xl/worksheets/_rels/sheet3.xml.rels
[DEBUG] 2024-06-12 20:33:46.977 [main] PackageRelationshipCollection - Parsing relationship: /_rels/.rels
[DEBUG] 2024-06-12 20:33:47.008 [main] PackageRelationshipCollection - Parsing relationship: /xl/_rels/workbook.xml.rels
[DEBUG] 2024-06-12 20:33:47.008 [main] PackageRelationshipCollection - Parsing relationship: /xl/worksheets/_rels/sheet3.xml.rels
[DEBUG] 2024-06-12 20:33:47.008 [main] PackageRelationshipCollection - Parsing relationship: /_rels/.rels
[INFO ] 2024-06-12 20:33:51.330 [main] ExitTest - Driver is set up
[INFO ] 2024-06-12 20:33:56.287 [main] ExitTest - Website Opened
Name of test method started From Extent Report:grocery
[INFO ] 2024-06-12 20:33:56.507 [main] ExitTest - Grocery Testing is being performed
Name of test method failed From Extent Report:grocery
]]></system-out>
    <system-err><![CDATA[Jun 12, 2024 8:33:51 PM org.openqa.selenium.devtools.CdpVersionFinder findNearestMatch
WARNING: Unable to find an exact match for CDP version 125, returning the closest version; found: 123; Please update to a Selenium version that supports CDP version 125
Jun 12, 2024 8:34:10 PM org.openqa.selenium.devtools.CdpVersionFinder findNearestMatch
WARNING: Unable to find an exact match for CDP version 125, returning the closest version; found: 123; Please update to a Selenium version that supports CDP version 125
]]></system-err>
  </testcase>
  <testcase name="specficProduct" classname="testcase.FirstOpeartionTest" time="0.015">
    <system-out><![CDATA[[INFO ] 2024-06-12 20:34:12.532 [main] ExitTest - quitting the driver
[DEBUG] 2024-06-12 20:34:12.547 [main] PackageRelationshipCollection - Parsing relationship: /xl/_rels/workbook.xml.rels
[DEBUG] 2024-06-12 20:34:12.547 [main] PackageRelationshipCollection - Parsing relationship: /xl/worksheets/_rels/sheet3.xml.rels
[DEBUG] 2024-06-12 20:34:12.547 [main] PackageRelationshipCollection - Parsing relationship: /_rels/.rels
[DEBUG] 2024-06-12 20:34:12.631 [main] PackageRelationshipCollection - Parsing relationship: /xl/_rels/workbook.xml.rels
[DEBUG] 2024-06-12 20:34:12.642 [main] PackageRelationshipCollection - Parsing relationship: /xl/worksheets/_rels/sheet3.xml.rels
[DEBUG] 2024-06-12 20:34:12.642 [main] PackageRelationshipCollection - Parsing relationship: /_rels/.rels
[INFO ] 2024-06-12 20:34:14.640 [main] ExitTest - Driver is set up
[INFO ] 2024-06-12 20:34:17.164 [main] ExitTest - Website Opened
Name of test method started From Extent Report:specficProduct
[ERROR] 2024-06-12 20:34:17.381 [main] ExitTest - Specific Product is not activated
Name of test method sucessfully executed:specficProduct
]]></system-out>
    <system-err><![CDATA[Jun 12, 2024 8:34:14 PM org.openqa.selenium.devtools.CdpVersionFinder findNearestMatch
WARNING: Unable to find an exact match for CDP version 125, returning the closest version; found: 123; Please update to a Selenium version that supports CDP version 125
]]></system-err>
  </testcase>
  <testcase name="becomeSeller[9919520904, hello@gmail.com](1)" classname="testcase.FirstOpeartionTest" time="14.177">
    <system-out><![CDATA[[INFO ] 2024-06-12 20:34:18.916 [main] ExitTest - quitting the driver
[DEBUG] 2024-06-12 20:34:18.932 [main] PackageRelationshipCollection - Parsing relationship: /xl/_rels/workbook.xml.rels
[DEBUG] 2024-06-12 20:34:18.932 [main] PackageRelationshipCollection - Parsing relationship: /xl/worksheets/_rels/sheet3.xml.rels
[DEBUG] 2024-06-12 20:34:18.932 [main] PackageRelationshipCollection - Parsing relationship: /_rels/.rels
[DEBUG] 2024-06-12 20:34:19.026 [main] PackageRelationshipCollection - Parsing relationship: /xl/_rels/workbook.xml.rels
[DEBUG] 2024-06-12 20:34:19.026 [main] PackageRelationshipCollection - Parsing relationship: /xl/worksheets/_rels/sheet3.xml.rels
[DEBUG] 2024-06-12 20:34:19.026 [main] PackageRelationshipCollection - Parsing relationship: /_rels/.rels
[DEBUG] 2024-06-12 20:34:19.120 [main] PackageRelationshipCollection - Parsing relationship: /xl/_rels/workbook.xml.rels
[DEBUG] 2024-06-12 20:34:19.120 [main] PackageRelationshipCollection - Parsing relationship: /xl/worksheets/_rels/sheet3.xml.rels
[DEBUG] 2024-06-12 20:34:19.120 [main] PackageRelationshipCollection - Parsing relationship: /_rels/.rels
[INFO ] 2024-06-12 20:34:21.373 [main] ExitTest - Driver is set up
[INFO ] 2024-06-12 20:34:22.203 [main] ExitTest - Website Opened
Name of test method started From Extent Report:becomeSeller
[INFO ] 2024-06-12 20:34:24.384 [main] ExitTest - Performing become a seller testigng
[INFO ] 2024-06-12 20:34:38.564 [main] ExitTest - Seller testing completed
Name of test method sucessfully executed:becomeSeller
]]></system-out>
    <system-err><![CDATA[Jun 12, 2024 8:34:21 PM org.openqa.selenium.devtools.CdpVersionFinder findNearestMatch
WARNING: Unable to find an exact match for CDP version 125, returning the closest version; found: 123; Please update to a Selenium version that supports CDP version 125
]]></system-err>
  </testcase>
  <testcase name="fashion[Men&apos;s Top Wear, Men Regular Fit Solid Spread Collar Casual Shirt](1)" classname="testcase.FirstOpeartionTest" time="7.561">
    <system-out><![CDATA[[INFO ] 2024-06-12 20:34:40.356 [main] ExitTest - quitting the driver
[DEBUG] 2024-06-12 20:34:40.372 [main] PackageRelationshipCollection - Parsing relationship: /xl/_rels/workbook.xml.rels
[DEBUG] 2024-06-12 20:34:40.372 [main] PackageRelationshipCollection - Parsing relationship: /xl/worksheets/_rels/sheet3.xml.rels
[DEBUG] 2024-06-12 20:34:40.372 [main] PackageRelationshipCollection - Parsing relationship: /_rels/.rels
[DEBUG] 2024-06-12 20:34:40.455 [main] PackageRelationshipCollection - Parsing relationship: /xl/_rels/workbook.xml.rels
[DEBUG] 2024-06-12 20:34:40.455 [main] PackageRelationshipCollection - Parsing relationship: /xl/worksheets/_rels/sheet3.xml.rels
[DEBUG] 2024-06-12 20:34:40.467 [main] PackageRelationshipCollection - Parsing relationship: /_rels/.rels
[DEBUG] 2024-06-12 20:34:40.532 [main] PackageRelationshipCollection - Parsing relationship: /xl/_rels/workbook.xml.rels
[DEBUG] 2024-06-12 20:34:40.532 [main] PackageRelationshipCollection - Parsing relationship: /xl/worksheets/_rels/sheet3.xml.rels
[DEBUG] 2024-06-12 20:34:40.532 [main] PackageRelationshipCollection - Parsing relationship: /_rels/.rels
[INFO ] 2024-06-12 20:34:42.933 [main] ExitTest - Driver is set up
[INFO ] 2024-06-12 20:34:45.264 [main] ExitTest - Website Opened
Name of test method started From Extent Report:fashion
[INFO ] 2024-06-12 20:34:45.512 [main] ExitTest - Performing the Fashion testing
[INFO ] 2024-06-12 20:34:53.059 [main] ExitTest - Fashion testing done
Name of test method sucessfully executed:fashion
]]></system-out>
    <system-err><![CDATA[Jun 12, 2024 8:34:42 PM org.openqa.selenium.devtools.CdpVersionFinder findNearestMatch
WARNING: Unable to find an exact match for CDP version 125, returning the closest version; found: 123; Please update to a Selenium version that supports CDP version 125
]]></system-err>
  </testcase>
  <testcase name="notification" classname="testcase.FirstOpeartionTest" time="2.038">
    <system-out><![CDATA[[INFO ] 2024-06-12 20:34:55.188 [main] ExitTest - quitting the driver
[DEBUG] 2024-06-12 20:34:55.204 [main] PackageRelationshipCollection - Parsing relationship: /xl/_rels/workbook.xml.rels
[DEBUG] 2024-06-12 20:34:55.204 [main] PackageRelationshipCollection - Parsing relationship: /xl/worksheets/_rels/sheet3.xml.rels
[DEBUG] 2024-06-12 20:34:55.204 [main] PackageRelationshipCollection - Parsing relationship: /_rels/.rels
[DEBUG] 2024-06-12 20:34:55.283 [main] PackageRelationshipCollection - Parsing relationship: /xl/_rels/workbook.xml.rels
[DEBUG] 2024-06-12 20:34:55.283 [main] PackageRelationshipCollection - Parsing relationship: /xl/worksheets/_rels/sheet3.xml.rels
[DEBUG] 2024-06-12 20:34:55.298 [main] PackageRelationshipCollection - Parsing relationship: /_rels/.rels
[INFO ] 2024-06-12 20:34:58.076 [main] ExitTest - Driver is set up
[INFO ] 2024-06-12 20:35:00.598 [main] ExitTest - Website Opened
Name of test method started From Extent Report:notification
[INFO ] 2024-06-12 20:35:00.643 [main] ExitTest - Checking the notification opeartion
[INFO ] 2024-06-12 20:35:02.681 [main] ExitTest - Notification opeartion checking done
Name of test method sucessfully executed:notification
]]></system-out>
    <system-err><![CDATA[Jun 12, 2024 8:34:58 PM org.openqa.selenium.devtools.CdpVersionFinder findNearestMatch
WARNING: Unable to find an exact match for CDP version 125, returning the closest version; found: 123; Please update to a Selenium version that supports CDP version 125
]]></system-err>
  </testcase>
  <testcase name="twowheeler" classname="testcase.FirstOpeartionTest" time="2.217">
    <system-out><![CDATA[[INFO ] 2024-06-12 20:35:03.987 [main] ExitTest - quitting the driver
[DEBUG] 2024-06-12 20:35:04.003 [main] PackageRelationshipCollection - Parsing relationship: /xl/_rels/workbook.xml.rels
[DEBUG] 2024-06-12 20:35:04.003 [main] PackageRelationshipCollection - Parsing relationship: /xl/worksheets/_rels/sheet3.xml.rels
[DEBUG] 2024-06-12 20:35:04.003 [main] PackageRelationshipCollection - Parsing relationship: /_rels/.rels
[DEBUG] 2024-06-12 20:35:04.052 [main] PackageRelationshipCollection - Parsing relationship: /xl/_rels/workbook.xml.rels
[DEBUG] 2024-06-12 20:35:04.052 [main] PackageRelationshipCollection - Parsing relationship: /xl/worksheets/_rels/sheet3.xml.rels
[DEBUG] 2024-06-12 20:35:04.052 [main] PackageRelationshipCollection - Parsing relationship: /_rels/.rels
[INFO ] 2024-06-12 20:35:06.507 [main] ExitTest - Driver is set up
[INFO ] 2024-06-12 20:35:09.080 [main] ExitTest - Website Opened
Name of test method started From Extent Report:twowheeler
[INFO ] 2024-06-12 20:35:09.135 [main] ExitTest - Checking the Two Wheeler opeartion
[INFO ] 2024-06-12 20:35:11.354 [main] ExitTest - Two Wheeler opeartion checking done
Name of test method sucessfully executed:twowheeler
]]></system-out>
    <system-err><![CDATA[Jun 12, 2024 8:35:06 PM org.openqa.selenium.devtools.CdpVersionFinder findNearestMatch
WARNING: Unable to find an exact match for CDP version 125, returning the closest version; found: 123; Please update to a Selenium version that supports CDP version 125
]]></system-err>
  </testcase>
  <testcase name="Electronics" classname="testcase.SecondOperationTest" time="4.669">
    <system-out><![CDATA[[INFO ] 2024-06-12 20:35:12.723 [main] ExitTest - quitting the driver
[INFO ] 2024-06-12 20:35:12.723 [main] ExitTest - quitting the driver
[DEBUG] 2024-06-12 20:35:12.742 [main] PackageRelationshipCollection - Parsing relationship: /xl/_rels/workbook.xml.rels
[DEBUG] 2024-06-12 20:35:12.742 [main] PackageRelationshipCollection - Parsing relationship: /xl/worksheets/_rels/sheet3.xml.rels
[DEBUG] 2024-06-12 20:35:12.754 [main] PackageRelationshipCollection - Parsing relationship: /_rels/.rels
[DEBUG] 2024-06-12 20:35:12.802 [main] PackageRelationshipCollection - Parsing relationship: /xl/_rels/workbook.xml.rels
[DEBUG] 2024-06-12 20:35:12.817 [main] PackageRelationshipCollection - Parsing relationship: /xl/worksheets/_rels/sheet3.xml.rels
[DEBUG] 2024-06-12 20:35:12.817 [main] PackageRelationshipCollection - Parsing relationship: /_rels/.rels
[INFO ] 2024-06-12 20:35:15.549 [main] ExitTest - Driver is set up
[INFO ] 2024-06-12 20:35:17.857 [main] ExitTest - Website Opened
Name of test method started From Extent Report:Electronics
[INFO ] 2024-06-12 20:35:17.908 [main] ExitTest - Electronics Testing is being performed
[INFO ] 2024-06-12 20:35:22.591 [main] ExitTest - Electronics testing is completed
Name of test method sucessfully executed:Electronics
]]></system-out>
    <system-err><![CDATA[Jun 12, 2024 8:35:15 PM org.openqa.selenium.devtools.CdpVersionFinder findNearestMatch
WARNING: Unable to find an exact match for CDP version 125, returning the closest version; found: 123; Please update to a Selenium version that supports CDP version 125
]]></system-err>
  </testcase>
  <testcase name="Rewards" classname="testcase.SecondOperationTest" time="1.75">
    <system-out><![CDATA[[INFO ] 2024-06-12 20:35:23.956 [main] ExitTest - quitting the driver
[DEBUG] 2024-06-12 20:35:23.973 [main] PackageRelationshipCollection - Parsing relationship: /xl/_rels/workbook.xml.rels
[DEBUG] 2024-06-12 20:35:23.973 [main] PackageRelationshipCollection - Parsing relationship: /xl/worksheets/_rels/sheet3.xml.rels
[DEBUG] 2024-06-12 20:35:23.973 [main] PackageRelationshipCollection - Parsing relationship: /_rels/.rels
[DEBUG] 2024-06-12 20:35:24.034 [main] PackageRelationshipCollection - Parsing relationship: /xl/_rels/workbook.xml.rels
[DEBUG] 2024-06-12 20:35:24.034 [main] PackageRelationshipCollection - Parsing relationship: /xl/worksheets/_rels/sheet3.xml.rels
[DEBUG] 2024-06-12 20:35:24.034 [main] PackageRelationshipCollection - Parsing relationship: /_rels/.rels
[INFO ] 2024-06-12 20:35:26.584 [main] ExitTest - Driver is set up
[INFO ] 2024-06-12 20:35:29.001 [main] ExitTest - Website Opened
Name of test method started From Extent Report:Rewards
[INFO ] 2024-06-12 20:35:29.083 [main] ExitTest - Rewards Testing is being performed
[INFO ] 2024-06-12 20:35:30.830 [main] ExitTest - Rewards testing is completed
Name of test method sucessfully executed:Rewards
]]></system-out>
    <system-err><![CDATA[Jun 12, 2024 8:35:26 PM org.openqa.selenium.devtools.CdpVersionFinder findNearestMatch
WARNING: Unable to find an exact match for CDP version 125, returning the closest version; found: 123; Please update to a Selenium version that supports CDP version 125
]]></system-err>
  </testcase>
  <testcase name="Careers" classname="testcase.SecondOperationTest" time="5.588">
    <failure message="no such element: Unable to locate element: {&quot;method&quot;:&quot;xpath&quot;,&quot;selector&quot;:&quot;//a[contains(text(),&apos;Life At Flipkart&apos;)]&quot;}&#10;  (Session info: chrome=125.0.6422.142)&#10;For documentation on this error, please visit: https://www.selenium.dev/documentation/webdriver/troubleshooting/errors#no-such-element-exception&#10;Build info: version: &apos;4.19.1&apos;, revision: &apos;abe0ee07dc&apos;&#10;System info: os.name: &apos;Windows 10&apos;, os.arch: &apos;amd64&apos;, os.version: &apos;10.0&apos;, java.version: &apos;11.0.1&apos;&#10;Driver info: org.openqa.selenium.chrome.ChromeDriver&#10;Command: [72a74fdcad832c401a8ffd34eab63524, findElement {using=xpath, value=//a[contains(text(),&apos;Life At Flipkart&apos;)]}]&#10;Capabilities {acceptInsecureCerts: false, browserName: chrome, browserVersion: 125.0.6422.142, chrome: {chromedriverVersion: 125.0.6422.141 (4b1e8393712..., userDataDir: C:\Users\KARTIK~1\AppData\L...}, fedcm:accounts: true, goog:chromeOptions: {debuggerAddress: localhost:60630}, networkConnectionEnabled: false, pageLoadStrategy: normal, platformName: windows, proxy: Proxy(), se:cdp: ws://localhost:60630/devtoo..., se:cdpVersion: 125.0.6422.142, setWindowRect: true, strictFileInteractability: false, timeouts: {implicit: 0, pageLoad: 300000, script: 30000}, unhandledPromptBehavior: dismiss and notify, webauthn:extension:credBlob: true, webauthn:extension:largeBlob: true, webauthn:extension:minPinLength: true, webauthn:extension:prf: true, webauthn:virtualAuthenticators: true}&#10;Session ID: 72a74fdcad832c401a8ffd34eab63524" type="org.openqa.selenium.NoSuchElementException"><![CDATA[org.openqa.selenium.NoSuchElementException: 
no such element: Unable to locate element: {"method":"xpath","selector":"//a[contains(text(),'Life At Flipkart')]"}
  (Session info: chrome=125.0.6422.142)
For documentation on this error, please visit: https://www.selenium.dev/documentation/webdriver/troubleshooting/errors#no-such-element-exception
Build info: version: '4.19.1', revision: 'abe0ee07dc'
System info: os.name: 'Windows 10', os.arch: 'amd64', os.version: '10.0', java.version: '11.0.1'
Driver info: org.openqa.selenium.chrome.ChromeDriver
Command: [72a74fdcad832c401a8ffd34eab63524, findElement {using=xpath, value=//a[contains(text(),'Life At Flipkart')]}]
Capabilities {acceptInsecureCerts: false, browserName: chrome, browserVersion: 125.0.6422.142, chrome: {chromedriverVersion: 125.0.6422.141 (4b1e8393712..., userDataDir: C:\Users\KARTIK~1\AppData\L...}, fedcm:accounts: true, goog:chromeOptions: {debuggerAddress: localhost:60630}, networkConnectionEnabled: false, pageLoadStrategy: normal, platformName: windows, proxy: Proxy(), se:cdp: ws://localhost:60630/devtoo..., se:cdpVersion: 125.0.6422.142, setWindowRect: true, strictFileInteractability: false, timeouts: {implicit: 0, pageLoad: 300000, script: 30000}, unhandledPromptBehavior: dismiss and notify, webauthn:extension:credBlob: true, webauthn:extension:largeBlob: true, webauthn:extension:minPinLength: true, webauthn:extension:prf: true, webauthn:virtualAuthenticators: true}
Session ID: 72a74fdcad832c401a8ffd34eab63524
	at java.base/jdk.internal.reflect.NativeConstructorAccessorImpl.newInstance0(Native Method)
	at java.base/jdk.internal.reflect.NativeConstructorAccessorImpl.newInstance(NativeConstructorAccessorImpl.java:62)
	at java.base/jdk.internal.reflect.DelegatingConstructorAccessorImpl.newInstance(DelegatingConstructorAccessorImpl.java:45)
	at java.base/java.lang.reflect.Constructor.newInstance(Constructor.java:490)
	at org.openqa.selenium.remote.ErrorCodec.decode(ErrorCodec.java:167)
	at org.openqa.selenium.remote.codec.w3c.W3CHttpResponseCodec.decode(W3CHttpResponseCodec.java:138)
	at org.openqa.selenium.remote.codec.w3c.W3CHttpResponseCodec.decode(W3CHttpResponseCodec.java:50)
	at org.openqa.selenium.remote.HttpCommandExecutor.execute(HttpCommandExecutor.java:190)
	at org.openqa.selenium.remote.service.DriverCommandExecutor.invokeExecute(DriverCommandExecutor.java:216)
	at org.openqa.selenium.remote.service.DriverCommandExecutor.execute(DriverCommandExecutor.java:174)
	at org.openqa.selenium.remote.RemoteWebDriver.execute(RemoteWebDriver.java:518)
	at org.openqa.selenium.remote.ElementLocation$ElementFinder$2.findElement(ElementLocation.java:165)
	at org.openqa.selenium.remote.ElementLocation.findElement(ElementLocation.java:59)
	at org.openqa.selenium.remote.RemoteWebDriver.findElement(RemoteWebDriver.java:355)
	at org.openqa.selenium.remote.RemoteWebDriver.findElement(RemoteWebDriver.java:349)
	at pages.SecondOperationPage.Careers(SecondOperationPage.java:63)
	at testcase.SecondOperationTest.Careers(SecondOperationTest.java:42)
	at java.base/jdk.internal.reflect.NativeMethodAccessorImpl.invoke0(Native Method)
	at java.base/jdk.internal.reflect.NativeMethodAccessorImpl.invoke(NativeMethodAccessorImpl.java:62)
	at java.base/jdk.internal.reflect.DelegatingMethodAccessorImpl.invoke(DelegatingMethodAccessorImpl.java:43)
	at java.base/java.lang.reflect.Method.invoke(Method.java:566)
	at org.testng.internal.invokers.MethodInvocationHelper.invokeMethod(MethodInvocationHelper.java:141)
	at org.testng.internal.invokers.TestInvoker.invokeMethod(TestInvoker.java:686)
	at org.testng.internal.invokers.TestInvoker.invokeTestMethod(TestInvoker.java:230)
	at org.testng.internal.invokers.MethodRunner.runInSequence(MethodRunner.java:63)
	at org.testng.internal.invokers.TestInvoker$MethodInvocationAgent.invoke(TestInvoker.java:992)
	at org.testng.internal.invokers.TestInvoker.invokeTestMethods(TestInvoker.java:203)
	at org.testng.internal.invokers.TestMethodWorker.invokeTestMethods(TestMethodWorker.java:154)
	at org.testng.internal.invokers.TestMethodWorker.run(TestMethodWorker.java:134)
	at java.base/java.util.ArrayList.forEach(ArrayList.java:1540)
	at org.testng.TestRunner.privateRun(TestRunner.java:739)
	at org.testng.TestRunner.run(TestRunner.java:614)
	at org.testng.SuiteRunner.runTest(SuiteRunner.java:421)
	at org.testng.SuiteRunner.runSequentially(SuiteRunner.java:413)
	at org.testng.SuiteRunner.privateRun(SuiteRunner.java:373)
	at org.testng.SuiteRunner.run(SuiteRunner.java:312)
	at org.testng.SuiteRunnerWorker.runSuite(SuiteRunnerWorker.java:52)
	at org.testng.SuiteRunnerWorker.run(SuiteRunnerWorker.java:95)
	at org.testng.TestNG.runSuitesSequentially(TestNG.java:1274)
	at org.testng.TestNG.runSuitesLocally(TestNG.java:1208)
	at org.testng.TestNG.runSuites(TestNG.java:1112)
	at org.testng.TestNG.run(TestNG.java:1079)
	at org.apache.maven.surefire.testng.TestNGExecutor.run(TestNGExecutor.java:308)
	at org.apache.maven.surefire.testng.TestNGXmlTestSuite.execute(TestNGXmlTestSuite.java:71)
	at org.apache.maven.surefire.testng.TestNGProvider.invoke(TestNGProvider.java:113)
	at org.apache.maven.surefire.booter.ForkedBooter.runSuitesInProcess(ForkedBooter.java:385)
	at org.apache.maven.surefire.booter.ForkedBooter.execute(ForkedBooter.java:162)
	at org.apache.maven.surefire.booter.ForkedBooter.run(ForkedBooter.java:507)
	at org.apache.maven.surefire.booter.ForkedBooter.main(ForkedBooter.java:495)
]]></failure>
    <system-out><![CDATA[[INFO ] 2024-06-12 20:35:32.339 [main] ExitTest - quitting the driver
[DEBUG] 2024-06-12 20:35:32.339 [main] PackageRelationshipCollection - Parsing relationship: /xl/_rels/workbook.xml.rels
[DEBUG] 2024-06-12 20:35:32.339 [main] PackageRelationshipCollection - Parsing relationship: /xl/worksheets/_rels/sheet3.xml.rels
[DEBUG] 2024-06-12 20:35:32.354 [main] PackageRelationshipCollection - Parsing relationship: /_rels/.rels
[DEBUG] 2024-06-12 20:35:32.401 [main] PackageRelationshipCollection - Parsing relationship: /xl/_rels/workbook.xml.rels
[DEBUG] 2024-06-12 20:35:32.402 [main] PackageRelationshipCollection - Parsing relationship: /xl/worksheets/_rels/sheet3.xml.rels
[DEBUG] 2024-06-12 20:35:32.404 [main] PackageRelationshipCollection - Parsing relationship: /_rels/.rels
[INFO ] 2024-06-12 20:35:34.753 [main] ExitTest - Driver is set up
[INFO ] 2024-06-12 20:35:37.180 [main] ExitTest - Website Opened
Name of test method started From Extent Report:Careers
[INFO ] 2024-06-12 20:35:37.248 [main] ExitTest - Checking footer Careers section
Name of test method failed From Extent Report:Careers
]]></system-out>
    <system-err><![CDATA[Jun 12, 2024 8:35:34 PM org.openqa.selenium.devtools.CdpVersionFinder findNearestMatch
WARNING: Unable to find an exact match for CDP version 125, returning the closest version; found: 123; Please update to a Selenium version that supports CDP version 125
]]></system-err>
  </testcase>
  <testcase name="Login" classname="testcase.SecondOperationTest" time="3.054">
    <failure message="Login operation failed" type="java.lang.AssertionError"><![CDATA[java.lang.AssertionError: Login operation failed
	at org.testng.Assert.fail(Assert.java:111)
	at pages.SecondOperationPage.Login(SecondOperationPage.java:81)
	at testcase.SecondOperationTest.Login(SecondOperationTest.java:54)
	at java.base/jdk.internal.reflect.NativeMethodAccessorImpl.invoke0(Native Method)
	at java.base/jdk.internal.reflect.NativeMethodAccessorImpl.invoke(NativeMethodAccessorImpl.java:62)
	at java.base/jdk.internal.reflect.DelegatingMethodAccessorImpl.invoke(DelegatingMethodAccessorImpl.java:43)
	at java.base/java.lang.reflect.Method.invoke(Method.java:566)
	at org.testng.internal.invokers.MethodInvocationHelper.invokeMethod(MethodInvocationHelper.java:141)
	at org.testng.internal.invokers.TestInvoker.invokeMethod(TestInvoker.java:686)
	at org.testng.internal.invokers.TestInvoker.invokeTestMethod(TestInvoker.java:230)
	at org.testng.internal.invokers.MethodRunner.runInSequence(MethodRunner.java:63)
	at org.testng.internal.invokers.TestInvoker$MethodInvocationAgent.invoke(TestInvoker.java:992)
	at org.testng.internal.invokers.TestInvoker.invokeTestMethods(TestInvoker.java:203)
	at org.testng.internal.invokers.TestMethodWorker.invokeTestMethods(TestMethodWorker.java:154)
	at org.testng.internal.invokers.TestMethodWorker.run(TestMethodWorker.java:134)
	at java.base/java.util.ArrayList.forEach(ArrayList.java:1540)
	at org.testng.TestRunner.privateRun(TestRunner.java:739)
	at org.testng.TestRunner.run(TestRunner.java:614)
	at org.testng.SuiteRunner.runTest(SuiteRunner.java:421)
	at org.testng.SuiteRunner.runSequentially(SuiteRunner.java:413)
	at org.testng.SuiteRunner.privateRun(SuiteRunner.java:373)
	at org.testng.SuiteRunner.run(SuiteRunner.java:312)
	at org.testng.SuiteRunnerWorker.runSuite(SuiteRunnerWorker.java:52)
	at org.testng.SuiteRunnerWorker.run(SuiteRunnerWorker.java:95)
	at org.testng.TestNG.runSuitesSequentially(TestNG.java:1274)
	at org.testng.TestNG.runSuitesLocally(TestNG.java:1208)
	at org.testng.TestNG.runSuites(TestNG.java:1112)
	at org.testng.TestNG.run(TestNG.java:1079)
	at org.apache.maven.surefire.testng.TestNGExecutor.run(TestNGExecutor.java:308)
	at org.apache.maven.surefire.testng.TestNGXmlTestSuite.execute(TestNGXmlTestSuite.java:71)
	at org.apache.maven.surefire.testng.TestNGProvider.invoke(TestNGProvider.java:113)
	at org.apache.maven.surefire.booter.ForkedBooter.runSuitesInProcess(ForkedBooter.java:385)
	at org.apache.maven.surefire.booter.ForkedBooter.execute(ForkedBooter.java:162)
	at org.apache.maven.surefire.booter.ForkedBooter.run(ForkedBooter.java:507)
	at org.apache.maven.surefire.booter.ForkedBooter.main(ForkedBooter.java:495)
]]></failure>
    <system-out><![CDATA[[INFO ] 2024-06-12 20:35:44.436 [main] ExitTest - quitting the driver
[DEBUG] 2024-06-12 20:35:44.436 [main] PackageRelationshipCollection - Parsing relationship: /xl/_rels/workbook.xml.rels
[DEBUG] 2024-06-12 20:35:44.452 [main] PackageRelationshipCollection - Parsing relationship: /xl/worksheets/_rels/sheet3.xml.rels
[DEBUG] 2024-06-12 20:35:44.452 [main] PackageRelationshipCollection - Parsing relationship: /_rels/.rels
[DEBUG] 2024-06-12 20:35:44.501 [main] PackageRelationshipCollection - Parsing relationship: /xl/_rels/workbook.xml.rels
[DEBUG] 2024-06-12 20:35:44.501 [main] PackageRelationshipCollection - Parsing relationship: /xl/worksheets/_rels/sheet3.xml.rels
[DEBUG] 2024-06-12 20:35:44.501 [main] PackageRelationshipCollection - Parsing relationship: /_rels/.rels
[INFO ] 2024-06-12 20:35:47.189 [main] ExitTest - Driver is set up
[INFO ] 2024-06-12 20:35:49.614 [main] ExitTest - Website Opened
Name of test method started From Extent Report:Login
[INFO ] 2024-06-12 20:35:49.665 [main] ExitTest - Testing the login operation
Name of test method failed From Extent Report:Login
]]></system-out>
    <system-err><![CDATA[Jun 12, 2024 8:35:47 PM org.openqa.selenium.devtools.CdpVersionFinder findNearestMatch
WARNING: Unable to find an exact match for CDP version 125, returning the closest version; found: 123; Please update to a Selenium version that supports CDP version 125
]]></system-err>
  </testcase>
  <testcase name="Signup" classname="testcase.SecondOperationTest" time="3.279">
    <failure message="Login operation not performed successfully expected [https://www.flipkart.com/] but found [https://www.flipkart.com/account/login?signup=true]" type="java.lang.AssertionError"><![CDATA[java.lang.AssertionError: Login operation not performed successfully expected [https://www.flipkart.com/] but found [https://www.flipkart.com/account/login?signup=true]
	at org.testng.Assert.fail(Assert.java:111)
	at org.testng.Assert.failNotEquals(Assert.java:1578)
	at org.testng.Assert.assertEqualsImpl(Assert.java:150)
	at org.testng.Assert.assertEquals(Assert.java:132)
	at org.testng.Assert.assertEquals(Assert.java:656)
	at pages.SecondOperationPage.Signup(SecondOperationPage.java:90)
	at testcase.SecondOperationTest.Signup(SecondOperationTest.java:67)
	at java.base/jdk.internal.reflect.NativeMethodAccessorImpl.invoke0(Native Method)
	at java.base/jdk.internal.reflect.NativeMethodAccessorImpl.invoke(NativeMethodAccessorImpl.java:62)
	at java.base/jdk.internal.reflect.DelegatingMethodAccessorImpl.invoke(DelegatingMethodAccessorImpl.java:43)
	at java.base/java.lang.reflect.Method.invoke(Method.java:566)
	at org.testng.internal.invokers.MethodInvocationHelper.invokeMethod(MethodInvocationHelper.java:141)
	at org.testng.internal.invokers.TestInvoker.invokeMethod(TestInvoker.java:686)
	at org.testng.internal.invokers.TestInvoker.invokeTestMethod(TestInvoker.java:230)
	at org.testng.internal.invokers.MethodRunner.runInSequence(MethodRunner.java:63)
	at org.testng.internal.invokers.TestInvoker$MethodInvocationAgent.invoke(TestInvoker.java:992)
	at org.testng.internal.invokers.TestInvoker.invokeTestMethods(TestInvoker.java:203)
	at org.testng.internal.invokers.TestMethodWorker.invokeTestMethods(TestMethodWorker.java:154)
	at org.testng.internal.invokers.TestMethodWorker.run(TestMethodWorker.java:134)
	at java.base/java.util.ArrayList.forEach(ArrayList.java:1540)
	at org.testng.TestRunner.privateRun(TestRunner.java:739)
	at org.testng.TestRunner.run(TestRunner.java:614)
	at org.testng.SuiteRunner.runTest(SuiteRunner.java:421)
	at org.testng.SuiteRunner.runSequentially(SuiteRunner.java:413)
	at org.testng.SuiteRunner.privateRun(SuiteRunner.java:373)
	at org.testng.SuiteRunner.run(SuiteRunner.java:312)
	at org.testng.SuiteRunnerWorker.runSuite(SuiteRunnerWorker.java:52)
	at org.testng.SuiteRunnerWorker.run(SuiteRunnerWorker.java:95)
	at org.testng.TestNG.runSuitesSequentially(TestNG.java:1274)
	at org.testng.TestNG.runSuitesLocally(TestNG.java:1208)
	at org.testng.TestNG.runSuites(TestNG.java:1112)
	at org.testng.TestNG.run(TestNG.java:1079)
	at org.apache.maven.surefire.testng.TestNGExecutor.run(TestNGExecutor.java:308)
	at org.apache.maven.surefire.testng.TestNGXmlTestSuite.execute(TestNGXmlTestSuite.java:71)
	at org.apache.maven.surefire.testng.TestNGProvider.invoke(TestNGProvider.java:113)
	at org.apache.maven.surefire.booter.ForkedBooter.runSuitesInProcess(ForkedBooter.java:385)
	at org.apache.maven.surefire.booter.ForkedBooter.execute(ForkedBooter.java:162)
	at org.apache.maven.surefire.booter.ForkedBooter.run(ForkedBooter.java:507)
	at org.apache.maven.surefire.booter.ForkedBooter.main(ForkedBooter.java:495)
]]></failure>
    <system-out><![CDATA[[INFO ] 2024-06-12 20:35:54.256 [main] ExitTest - quitting the driver
[DEBUG] 2024-06-12 20:35:54.257 [main] PackageRelationshipCollection - Parsing relationship: /xl/_rels/workbook.xml.rels
[DEBUG] 2024-06-12 20:35:54.257 [main] PackageRelationshipCollection - Parsing relationship: /xl/worksheets/_rels/sheet3.xml.rels
[DEBUG] 2024-06-12 20:35:54.270 [main] PackageRelationshipCollection - Parsing relationship: /_rels/.rels
[DEBUG] 2024-06-12 20:35:54.318 [main] PackageRelationshipCollection - Parsing relationship: /xl/_rels/workbook.xml.rels
[DEBUG] 2024-06-12 20:35:54.318 [main] PackageRelationshipCollection - Parsing relationship: /xl/worksheets/_rels/sheet3.xml.rels
[DEBUG] 2024-06-12 20:35:54.318 [main] PackageRelationshipCollection - Parsing relationship: /_rels/.rels
[INFO ] 2024-06-12 20:35:56.989 [main] ExitTest - Driver is set up
[INFO ] 2024-06-12 20:35:59.134 [main] ExitTest - Website Opened
Name of test method started From Extent Report:Signup
[INFO ] 2024-06-12 20:35:59.205 [main] ExitTest - Testing the signup operation
Name of test method failed From Extent Report:Signup
]]></system-out>
    <system-err><![CDATA[Jun 12, 2024 8:35:56 PM org.openqa.selenium.devtools.CdpVersionFinder findNearestMatch
WARNING: Unable to find an exact match for CDP version 125, returning the closest version; found: 123; Please update to a Selenium version that supports CDP version 125
]]></system-err>
  </testcase>
  <testcase name="Shopsy" classname="testcase.SecondOperationTest" time="6.992">
    <system-out><![CDATA[[INFO ] 2024-06-12 20:36:04.012 [main] ExitTest - quitting the driver
[DEBUG] 2024-06-12 20:36:04.026 [main] PackageRelationshipCollection - Parsing relationship: /xl/_rels/workbook.xml.rels
[DEBUG] 2024-06-12 20:36:04.028 [main] PackageRelationshipCollection - Parsing relationship: /xl/worksheets/_rels/sheet3.xml.rels
[DEBUG] 2024-06-12 20:36:04.028 [main] PackageRelationshipCollection - Parsing relationship: /_rels/.rels
[DEBUG] 2024-06-12 20:36:04.078 [main] PackageRelationshipCollection - Parsing relationship: /xl/_rels/workbook.xml.rels
[DEBUG] 2024-06-12 20:36:04.078 [main] PackageRelationshipCollection - Parsing relationship: /xl/worksheets/_rels/sheet3.xml.rels
[DEBUG] 2024-06-12 20:36:04.083 [main] PackageRelationshipCollection - Parsing relationship: /_rels/.rels
[INFO ] 2024-06-12 20:36:06.654 [main] ExitTest - Driver is set up
[INFO ] 2024-06-12 20:36:09.279 [main] ExitTest - Website Opened
Name of test method started From Extent Report:Shopsy
[INFO ] 2024-06-12 20:36:09.492 [main] ExitTest - Testing the shopsy site operation
[INFO ] 2024-06-12 20:36:16.484 [main] ExitTest - Testing of shopsy site operation done
Name of test method sucessfully executed:Shopsy
]]></system-out>
    <system-err><![CDATA[Jun 12, 2024 8:36:06 PM org.openqa.selenium.devtools.CdpVersionFinder findNearestMatch
WARNING: Unable to find an exact match for CDP version 125, returning the closest version; found: 123; Please update to a Selenium version that supports CDP version 125
]]></system-err>
  </testcase>
  <testcase name="CorporateWebsite" classname="testcase.SecondOperationTest" time="2.154">
    <system-out><![CDATA[[INFO ] 2024-06-12 20:36:18.365 [main] ExitTest - quitting the driver
[DEBUG] 2024-06-12 20:36:18.372 [main] PackageRelationshipCollection - Parsing relationship: /xl/_rels/workbook.xml.rels
[DEBUG] 2024-06-12 20:36:18.379 [main] PackageRelationshipCollection - Parsing relationship: /xl/worksheets/_rels/sheet3.xml.rels
[DEBUG] 2024-06-12 20:36:18.379 [main] PackageRelationshipCollection - Parsing relationship: /_rels/.rels
[DEBUG] 2024-06-12 20:36:18.415 [main] PackageRelationshipCollection - Parsing relationship: /xl/_rels/workbook.xml.rels
[DEBUG] 2024-06-12 20:36:18.427 [main] PackageRelationshipCollection - Parsing relationship: /xl/worksheets/_rels/sheet3.xml.rels
[DEBUG] 2024-06-12 20:36:18.427 [main] PackageRelationshipCollection - Parsing relationship: /_rels/.rels
[INFO ] 2024-06-12 20:36:21.049 [main] ExitTest - Driver is set up
[INFO ] 2024-06-12 20:36:23.416 [main] ExitTest - Website Opened
Name of test method started From Extent Report:CorporateWebsite
[INFO ] 2024-06-12 20:36:23.614 [main] ExitTest - Testing the corporate website operation
[INFO ] 2024-06-12 20:36:25.767 [main] ExitTest - Testing of corporate website operation done
Name of test method sucessfully executed:CorporateWebsite
]]></system-out>
    <system-err><![CDATA[Jun 12, 2024 8:36:21 PM org.openqa.selenium.devtools.CdpVersionFinder findNearestMatch
WARNING: Unable to find an exact match for CDP version 125, returning the closest version; found: 123; Please update to a Selenium version that supports CDP version 125
]]></system-err>
  </testcase>
  <testcase name="Advertise" classname="testcase.ThirdOperationTest" time="2.778">
    <system-out><![CDATA[[INFO ] 2024-06-12 20:36:27.249 [main] ExitTest - quitting the driver
[INFO ] 2024-06-12 20:36:27.249 [main] ExitTest - quitting the driver
[DEBUG] 2024-06-12 20:36:27.254 [main] PackageRelationshipCollection - Parsing relationship: /xl/_rels/workbook.xml.rels
[DEBUG] 2024-06-12 20:36:27.264 [main] PackageRelationshipCollection - Parsing relationship: /xl/worksheets/_rels/sheet3.xml.rels
[DEBUG] 2024-06-12 20:36:27.264 [main] PackageRelationshipCollection - Parsing relationship: /_rels/.rels
[DEBUG] 2024-06-12 20:36:27.294 [main] PackageRelationshipCollection - Parsing relationship: /xl/_rels/workbook.xml.rels
[DEBUG] 2024-06-12 20:36:27.294 [main] PackageRelationshipCollection - Parsing relationship: /xl/worksheets/_rels/sheet3.xml.rels
[DEBUG] 2024-06-12 20:36:27.294 [main] PackageRelationshipCollection - Parsing relationship: /_rels/.rels
[INFO ] 2024-06-12 20:36:29.878 [main] ExitTest - Driver is set up
[INFO ] 2024-06-12 20:36:32.204 [main] ExitTest - Website Opened
Name of test method started From Extent Report:Advertise
[INFO ] 2024-06-12 20:36:32.364 [main] ExitTest - Testing the Advertising  operation
[INFO ] 2024-06-12 20:36:35.142 [main] ExitTest - Testing of Advertising operation done
Name of test method sucessfully executed:Advertise
]]></system-out>
    <system-err><![CDATA[Jun 12, 2024 8:36:29 PM org.openqa.selenium.devtools.CdpVersionFinder findNearestMatch
WARNING: Unable to find an exact match for CDP version 125, returning the closest version; found: 123; Please update to a Selenium version that supports CDP version 125
]]></system-err>
  </testcase>
  <testcase name="Furniture" classname="testcase.ThirdOperationTest" time="1.547">
    <system-out><![CDATA[[INFO ] 2024-06-12 20:36:36.654 [main] ExitTest - quitting the driver
[DEBUG] 2024-06-12 20:36:36.664 [main] PackageRelationshipCollection - Parsing relationship: /xl/_rels/workbook.xml.rels
[DEBUG] 2024-06-12 20:36:36.670 [main] PackageRelationshipCollection - Parsing relationship: /xl/worksheets/_rels/sheet3.xml.rels
[DEBUG] 2024-06-12 20:36:36.671 [main] PackageRelationshipCollection - Parsing relationship: /_rels/.rels
[DEBUG] 2024-06-12 20:36:36.749 [main] PackageRelationshipCollection - Parsing relationship: /xl/_rels/workbook.xml.rels
[DEBUG] 2024-06-12 20:36:36.749 [main] PackageRelationshipCollection - Parsing relationship: /xl/worksheets/_rels/sheet3.xml.rels
[DEBUG] 2024-06-12 20:36:36.749 [main] PackageRelationshipCollection - Parsing relationship: /_rels/.rels
[INFO ] 2024-06-12 20:36:39.220 [main] ExitTest - Driver is set up
[INFO ] 2024-06-12 20:36:42.398 [main] ExitTest - Website Opened
Name of test method started From Extent Report:Furniture
[INFO ] 2024-06-12 20:36:42.556 [main] ExitTest - Testing the Furniture  operation
[INFO ] 2024-06-12 20:36:44.098 [main] ExitTest - Testing of Furniture operation done
Name of test method sucessfully executed:Furniture
]]></system-out>
    <system-err><![CDATA[Jun 12, 2024 8:36:39 PM org.openqa.selenium.devtools.CdpVersionFinder findNearestMatch
WARNING: Unable to find an exact match for CDP version 125, returning the closest version; found: 123; Please update to a Selenium version that supports CDP version 125
]]></system-err>
  </testcase>
  <testcase name="GiftCard" classname="testcase.ThirdOperationTest" time="3.387">
    <system-out><![CDATA[[INFO ] 2024-06-12 20:36:45.673 [main] ExitTest - quitting the driver
[DEBUG] 2024-06-12 20:36:45.676 [main] PackageRelationshipCollection - Parsing relationship: /xl/_rels/workbook.xml.rels
[DEBUG] 2024-06-12 20:36:45.676 [main] PackageRelationshipCollection - Parsing relationship: /xl/worksheets/_rels/sheet3.xml.rels
[DEBUG] 2024-06-12 20:36:45.689 [main] PackageRelationshipCollection - Parsing relationship: /_rels/.rels
[DEBUG] 2024-06-12 20:36:45.736 [main] PackageRelationshipCollection - Parsing relationship: /xl/_rels/workbook.xml.rels
[DEBUG] 2024-06-12 20:36:45.736 [main] PackageRelationshipCollection - Parsing relationship: /xl/worksheets/_rels/sheet3.xml.rels
[DEBUG] 2024-06-12 20:36:45.736 [main] PackageRelationshipCollection - Parsing relationship: /_rels/.rels
[INFO ] 2024-06-12 20:36:48.080 [main] ExitTest - Driver is set up
[INFO ] 2024-06-12 20:36:50.721 [main] ExitTest - Website Opened
Name of test method started From Extent Report:GiftCard
[INFO ] 2024-06-12 20:36:50.772 [main] ExitTest - Testing the Gift Card  operation
[INFO ] 2024-06-12 20:36:54.155 [main] ExitTest - Testing of Gift Card operation done
Name of test method sucessfully executed:GiftCard
]]></system-out>
    <system-err><![CDATA[Jun 12, 2024 8:36:48 PM org.openqa.selenium.devtools.CdpVersionFinder findNearestMatch
WARNING: Unable to find an exact match for CDP version 125, returning the closest version; found: 123; Please update to a Selenium version that supports CDP version 125
]]></system-err>
  </testcase>
  <testcase name="GiftCardPersonal" classname="testcase.ThirdOperationTest" time="0.0">
    <system-out><![CDATA[[INFO ] 2024-06-12 20:36:55.732 [main] ExitTest - quitting the driver
[DEBUG] 2024-06-12 20:36:55.735 [main] PackageRelationshipCollection - Parsing relationship: /xl/_rels/workbook.xml.rels
[DEBUG] 2024-06-12 20:36:55.735 [main] PackageRelationshipCollection - Parsing relationship: /xl/worksheets/_rels/sheet3.xml.rels
[DEBUG] 2024-06-12 20:36:55.735 [main] PackageRelationshipCollection - Parsing relationship: /_rels/.rels
[DEBUG] 2024-06-12 20:36:55.780 [main] PackageRelationshipCollection - Parsing relationship: /xl/_rels/workbook.xml.rels
[DEBUG] 2024-06-12 20:36:55.780 [main] PackageRelationshipCollection - Parsing relationship: /xl/worksheets/_rels/sheet3.xml.rels
[DEBUG] 2024-06-12 20:36:55.780 [main] PackageRelationshipCollection - Parsing relationship: /_rels/.rels
[INFO ] 2024-06-12 20:36:55.811 [main] ExitTest - Test operation is not active for the GiftCardPersonal
Name of test method started From Extent Report:GiftCardPersonal
[ERROR] 2024-06-12 20:36:55.811 [main] ExitTest - GiftCardPersonal is not activated
Name of test method sucessfully executed:GiftCardPersonal
]]></system-out>
  </testcase>
  <testcase name="Cart" classname="testcase.ThirdOperationTest" time="1.782">
    <system-out><![CDATA[[INFO ] 2024-06-12 20:36:55.811 [main] ExitTest - quitting the driver
[DEBUG] 2024-06-12 20:36:55.827 [main] PackageRelationshipCollection - Parsing relationship: /xl/_rels/workbook.xml.rels
[DEBUG] 2024-06-12 20:36:55.827 [main] PackageRelationshipCollection - Parsing relationship: /xl/worksheets/_rels/sheet3.xml.rels
[DEBUG] 2024-06-12 20:36:55.827 [main] PackageRelationshipCollection - Parsing relationship: /_rels/.rels
[DEBUG] 2024-06-12 20:36:55.876 [main] PackageRelationshipCollection - Parsing relationship: /xl/_rels/workbook.xml.rels
[DEBUG] 2024-06-12 20:36:55.876 [main] PackageRelationshipCollection - Parsing relationship: /xl/worksheets/_rels/sheet3.xml.rels
[DEBUG] 2024-06-12 20:36:55.876 [main] PackageRelationshipCollection - Parsing relationship: /_rels/.rels
[INFO ] 2024-06-12 20:36:58.429 [main] ExitTest - Driver is set up
[INFO ] 2024-06-12 20:37:01.348 [main] ExitTest - Website Opened
Name of test method started From Extent Report:Cart
[INFO ] 2024-06-12 20:37:01.555 [main] ExitTest - Testing the Checking  operation
[INFO ] 2024-06-12 20:37:03.337 [main] ExitTest - Testing of Checking operation done
Name of test method sucessfully executed:Cart
]]></system-out>
    <system-err><![CDATA[Jun 12, 2024 8:36:58 PM org.openqa.selenium.devtools.CdpVersionFinder findNearestMatch
WARNING: Unable to find an exact match for CDP version 125, returning the closest version; found: 123; Please update to a Selenium version that supports CDP version 125
]]></system-err>
  </testcase>
  <testcase name="Travel" classname="testcase.ThirdOperationTest" time="22.246">
    <failure message="no such element: Unable to locate element: {&quot;method&quot;:&quot;xpath&quot;,&quot;selector&quot;:&quot;//img[@src=&apos;https://rukminim2.flixcart.com/fk-p-flap/50/50/image/1d9cd2285f4108e2.jpg?q=50&apos;]&quot;}&#10;  (Session info: chrome=125.0.6422.142)&#10;For documentation on this error, please visit: https://www.selenium.dev/documentation/webdriver/troubleshooting/errors#no-such-element-exception&#10;Build info: version: &apos;4.19.1&apos;, revision: &apos;abe0ee07dc&apos;&#10;System info: os.name: &apos;Windows 10&apos;, os.arch: &apos;amd64&apos;, os.version: &apos;10.0&apos;, java.version: &apos;11.0.1&apos;&#10;Driver info: org.openqa.selenium.chrome.ChromeDriver&#10;Command: [eb82647945ec553a30134efbd3e26eaf, findElement {using=xpath, value=//img[@src=&apos;https://rukminim2.flixcart.com/fk-p-flap/50/50/image/1d9cd2285f4108e2.jpg?q=50&apos;]}]&#10;Capabilities {acceptInsecureCerts: false, browserName: chrome, browserVersion: 125.0.6422.142, chrome: {chromedriverVersion: 125.0.6422.141 (4b1e8393712..., userDataDir: C:\Users\KARTIK~1\AppData\L...}, fedcm:accounts: true, goog:chromeOptions: {debuggerAddress: localhost:61113}, networkConnectionEnabled: false, pageLoadStrategy: normal, platformName: windows, proxy: Proxy(), se:cdp: ws://localhost:61113/devtoo..., se:cdpVersion: 125.0.6422.142, setWindowRect: true, strictFileInteractability: false, timeouts: {implicit: 0, pageLoad: 300000, script: 30000}, unhandledPromptBehavior: dismiss and notify, webauthn:extension:credBlob: true, webauthn:extension:largeBlob: true, webauthn:extension:minPinLength: true, webauthn:extension:prf: true, webauthn:virtualAuthenticators: true}&#10;Session ID: eb82647945ec553a30134efbd3e26eaf" type="org.openqa.selenium.NoSuchElementException"><![CDATA[org.openqa.selenium.NoSuchElementException: 
no such element: Unable to locate element: {"method":"xpath","selector":"//img[@src='https://rukminim2.flixcart.com/fk-p-flap/50/50/image/1d9cd2285f4108e2.jpg?q=50']"}
  (Session info: chrome=125.0.6422.142)
For documentation on this error, please visit: https://www.selenium.dev/documentation/webdriver/troubleshooting/errors#no-such-element-exception
Build info: version: '4.19.1', revision: 'abe0ee07dc'
System info: os.name: 'Windows 10', os.arch: 'amd64', os.version: '10.0', java.version: '11.0.1'
Driver info: org.openqa.selenium.chrome.ChromeDriver
Command: [eb82647945ec553a30134efbd3e26eaf, findElement {using=xpath, value=//img[@src='https://rukminim2.flixcart.com/fk-p-flap/50/50/image/1d9cd2285f4108e2.jpg?q=50']}]
Capabilities {acceptInsecureCerts: false, browserName: chrome, browserVersion: 125.0.6422.142, chrome: {chromedriverVersion: 125.0.6422.141 (4b1e8393712..., userDataDir: C:\Users\KARTIK~1\AppData\L...}, fedcm:accounts: true, goog:chromeOptions: {debuggerAddress: localhost:61113}, networkConnectionEnabled: false, pageLoadStrategy: normal, platformName: windows, proxy: Proxy(), se:cdp: ws://localhost:61113/devtoo..., se:cdpVersion: 125.0.6422.142, setWindowRect: true, strictFileInteractability: false, timeouts: {implicit: 0, pageLoad: 300000, script: 30000}, unhandledPromptBehavior: dismiss and notify, webauthn:extension:credBlob: true, webauthn:extension:largeBlob: true, webauthn:extension:minPinLength: true, webauthn:extension:prf: true, webauthn:virtualAuthenticators: true}
Session ID: eb82647945ec553a30134efbd3e26eaf
	at java.base/jdk.internal.reflect.NativeConstructorAccessorImpl.newInstance0(Native Method)
	at java.base/jdk.internal.reflect.NativeConstructorAccessorImpl.newInstance(NativeConstructorAccessorImpl.java:62)
	at java.base/jdk.internal.reflect.DelegatingConstructorAccessorImpl.newInstance(DelegatingConstructorAccessorImpl.java:45)
	at java.base/java.lang.reflect.Constructor.newInstance(Constructor.java:490)
	at org.openqa.selenium.remote.ErrorCodec.decode(ErrorCodec.java:167)
	at org.openqa.selenium.remote.codec.w3c.W3CHttpResponseCodec.decode(W3CHttpResponseCodec.java:138)
	at org.openqa.selenium.remote.codec.w3c.W3CHttpResponseCodec.decode(W3CHttpResponseCodec.java:50)
	at org.openqa.selenium.remote.HttpCommandExecutor.execute(HttpCommandExecutor.java:190)
	at org.openqa.selenium.remote.service.DriverCommandExecutor.invokeExecute(DriverCommandExecutor.java:216)
	at org.openqa.selenium.remote.service.DriverCommandExecutor.execute(DriverCommandExecutor.java:174)
	at org.openqa.selenium.remote.RemoteWebDriver.execute(RemoteWebDriver.java:518)
	at org.openqa.selenium.remote.ElementLocation$ElementFinder$2.findElement(ElementLocation.java:165)
	at org.openqa.selenium.remote.ElementLocation.findElement(ElementLocation.java:59)
	at org.openqa.selenium.remote.RemoteWebDriver.findElement(RemoteWebDriver.java:355)
	at org.openqa.selenium.remote.RemoteWebDriver.findElement(RemoteWebDriver.java:349)
	at pages.ThirdOperationPage.Travel(ThirdOperationPage.java:99)
	at testcase.ThirdOperationTest.Travel(ThirdOperationTest.java:82)
	at java.base/jdk.internal.reflect.NativeMethodAccessorImpl.invoke0(Native Method)
	at java.base/jdk.internal.reflect.NativeMethodAccessorImpl.invoke(NativeMethodAccessorImpl.java:62)
	at java.base/jdk.internal.reflect.DelegatingMethodAccessorImpl.invoke(DelegatingMethodAccessorImpl.java:43)
	at java.base/java.lang.reflect.Method.invoke(Method.java:566)
	at org.testng.internal.invokers.MethodInvocationHelper.invokeMethod(MethodInvocationHelper.java:141)
	at org.testng.internal.invokers.TestInvoker.invokeMethod(TestInvoker.java:686)
	at org.testng.internal.invokers.TestInvoker.invokeTestMethod(TestInvoker.java:230)
	at org.testng.internal.invokers.MethodRunner.runInSequence(MethodRunner.java:63)
	at org.testng.internal.invokers.TestInvoker$MethodInvocationAgent.invoke(TestInvoker.java:992)
	at org.testng.internal.invokers.TestInvoker.invokeTestMethods(TestInvoker.java:203)
	at org.testng.internal.invokers.TestMethodWorker.invokeTestMethods(TestMethodWorker.java:154)
	at org.testng.internal.invokers.TestMethodWorker.run(TestMethodWorker.java:134)
	at java.base/java.util.ArrayList.forEach(ArrayList.java:1540)
	at org.testng.TestRunner.privateRun(TestRunner.java:739)
	at org.testng.TestRunner.run(TestRunner.java:614)
	at org.testng.SuiteRunner.runTest(SuiteRunner.java:421)
	at org.testng.SuiteRunner.runSequentially(SuiteRunner.java:413)
	at org.testng.SuiteRunner.privateRun(SuiteRunner.java:373)
	at org.testng.SuiteRunner.run(SuiteRunner.java:312)
	at org.testng.SuiteRunnerWorker.runSuite(SuiteRunnerWorker.java:52)
	at org.testng.SuiteRunnerWorker.run(SuiteRunnerWorker.java:95)
	at org.testng.TestNG.runSuitesSequentially(TestNG.java:1274)
	at org.testng.TestNG.runSuitesLocally(TestNG.java:1208)
	at org.testng.TestNG.runSuites(TestNG.java:1112)
	at org.testng.TestNG.run(TestNG.java:1079)
	at org.apache.maven.surefire.testng.TestNGExecutor.run(TestNGExecutor.java:308)
	at org.apache.maven.surefire.testng.TestNGXmlTestSuite.execute(TestNGXmlTestSuite.java:71)
	at org.apache.maven.surefire.testng.TestNGProvider.invoke(TestNGProvider.java:113)
	at org.apache.maven.surefire.booter.ForkedBooter.runSuitesInProcess(ForkedBooter.java:385)
	at org.apache.maven.surefire.booter.ForkedBooter.execute(ForkedBooter.java:162)
	at org.apache.maven.surefire.booter.ForkedBooter.run(ForkedBooter.java:507)
	at org.apache.maven.surefire.booter.ForkedBooter.main(ForkedBooter.java:495)
]]></failure>
    <system-out><![CDATA[[INFO ] 2024-06-12 20:37:04.754 [main] ExitTest - quitting the driver
[DEBUG] 2024-06-12 20:37:04.770 [main] PackageRelationshipCollection - Parsing relationship: /xl/_rels/workbook.xml.rels
[DEBUG] 2024-06-12 20:37:04.770 [main] PackageRelationshipCollection - Parsing relationship: /xl/worksheets/_rels/sheet3.xml.rels
[DEBUG] 2024-06-12 20:37:04.770 [main] PackageRelationshipCollection - Parsing relationship: /_rels/.rels
[DEBUG] 2024-06-12 20:37:04.808 [main] PackageRelationshipCollection - Parsing relationship: /xl/_rels/workbook.xml.rels
[DEBUG] 2024-06-12 20:37:04.809 [main] PackageRelationshipCollection - Parsing relationship: /xl/worksheets/_rels/sheet3.xml.rels
[DEBUG] 2024-06-12 20:37:04.810 [main] PackageRelationshipCollection - Parsing relationship: /_rels/.rels
[INFO ] 2024-06-12 20:37:07.269 [main] ExitTest - Driver is set up
[INFO ] 2024-06-12 20:37:09.942 [main] ExitTest - Website Opened
Name of test method started From Extent Report:Travel
[INFO ] 2024-06-12 20:37:09.989 [main] ExitTest - Testing the Travel  operation
Name of test method failed From Extent Report:Travel
]]></system-out>
    <system-err><![CDATA[Jun 12, 2024 8:37:07 PM org.openqa.selenium.devtools.CdpVersionFinder findNearestMatch
WARNING: Unable to find an exact match for CDP version 125, returning the closest version; found: 123; Please update to a Selenium version that supports CDP version 125
]]></system-err>
  </testcase>
</testsuite>