<?xml version="1.0" encoding="UTF-8"?>
<!-- Generated by org.testng.reporters.JUnitReportReporter -->
<testsuite hostname="IN-B8LL1J3" failures="0" tests="6" name="testcase.ThirdOperationTest" time="35.997" errors="0" timestamp="2024-06-12T19:39:31 IST" skipped="0">
  <testcase classname="testcase.ThirdOperationTest" name="Advertise" time="7.255"/>
  <testcase classname="testcase.ThirdOperationTest" name="Furniture" time="6.693"/>
  <testcase classname="testcase.ThirdOperationTest" name="GiftCard" time="4.506"/>
  <testcase classname="testcase.ThirdOperationTest" name="GiftCardPersonal" time="3.927"/>
  <testcase classname="testcase.ThirdOperationTest" name="Cart" time="6.701"/>
  <testcase classname="testcase.ThirdOperationTest" name="Travel" time="6.915"/>
</testsuite> <!-- testcase.ThirdOperationTest -->
