<?xml version="1.0" encoding="UTF-8"?>
<!-- Generated by org.testng.reporters.JUnitReportReporter -->
<testsuite hostname="IN-B8LL1J3" failures="0" tests="1" name="testcase.FirstOpeartionTest" time="9.313" errors="0" timestamp="2024-06-07T16:47:31 IST" skipped="0">
  <testcase classname="testcase.FirstOpeartionTest" name="search" time="9.313"/>
</testsuite> <!-- testcase.FirstOpeartionTest -->
