<?xml version="1.0" encoding="UTF-8"?>
<!-- Generated by org.testng.reporters.JUnitReportReporter -->
<testsuite hostname="IN-B8LL1J3" failures="0" tests="1" name="testcase.ThirdOperationTest" time="12.411" errors="0" timestamp="2024-06-13T11:21:46 IST" skipped="0">
  <testcase classname="testcase.ThirdOperationTest" name="GiftCardPersonal" time="12.411"/>
</testsuite> <!-- testcase.ThirdOperationTest -->
