<?xml version="1.0" encoding="UTF-8"?>
<!-- Generated by org.testng.reporters.JUnitReportReporter -->
<testsuite hostname="IN-B8LL1J3" failures="0" tests="1" name="testcase.FirstOpeartionTest" time="18.077" errors="0" timestamp="2024-06-07T23:45:44 IST" skipped="0">
  <testcase classname="testcase.FirstOpeartionTest" name="search" time="18.077"/>
</testsuite> <!-- testcase.FirstOpeartionTest -->
