<?xml version="1.0" encoding="UTF-8"?>
<!-- Generated by org.testng.reporters.JUnitReportReporter -->
<testsuite hostname="IN-B8LL1J3" failures="0" tests="1" name="testcase.FirstOpeartionTest" time="9.498" errors="0" timestamp="2024-06-08T12:47:03 IST" skipped="0">
  <testcase classname="testcase.FirstOpeartionTest" name="search" time="9.498"/>
</testsuite> <!-- testcase.FirstOpeartionTest -->
