<?xml version="1.0" encoding="UTF-8"?>
<!-- Generated by org.testng.reporters.JUnitReportReporter -->
<testsuite hostname="IN-B8LL1J3" failures="0" tests="1" name="testcase.FirstOpeartionTest" time="17.879" errors="0" timestamp="2024-06-13T01:08:49 IST" skipped="0">
  <testcase classname="testcase.FirstOpeartionTest" name="grocery" time="17.879"/>
</testsuite> <!-- testcase.FirstOpeartionTest -->
