<?xml version="1.0" encoding="UTF-8"?>
<!-- Generated by org.testng.reporters.JUnitReportReporter -->
<testsuite hostname="IN-B8LL1J3" failures="0" tests="6" name="testcase.ThirdOperationTest" time="42.246" errors="0" timestamp="2024-06-12T22:01:37 IST" skipped="0">
  <testcase classname="testcase.ThirdOperationTest" name="Advertise" time="3.438"/>
  <testcase classname="testcase.ThirdOperationTest" name="Furniture" time="7.672"/>
  <testcase classname="testcase.ThirdOperationTest" name="GiftCard" time="9.121"/>
  <testcase classname="testcase.ThirdOperationTest" name="GiftCardPersonal" time="5.469"/>
  <testcase classname="testcase.ThirdOperationTest" name="Cart" time="7.554"/>
  <testcase classname="testcase.ThirdOperationTest" name="Travel" time="8.992"/>
</testsuite> <!-- testcase.ThirdOperationTest -->
