<?xml version="1.0" encoding="UTF-8"?>
<!-- Generated by org.testng.reporters.JUnitReportReporter -->
<testsuite hostname="IN-B8LL1J3" failures="0" tests="1" name="testcase.FirstOpeartionTest" time="11.795" errors="0" timestamp="2024-06-13T10:19:28 IST" skipped="0">
  <testcase classname="testcase.FirstOpeartionTest" name="grocery" time="11.795"/>
</testsuite> <!-- testcase.FirstOpeartionTest -->
