<?xml version="1.0" encoding="UTF-8"?>
<!-- Generated by org.testng.reporters.JUnitReportReporter -->
<testsuite hostname="IN-B8LL1J3" failures="0" tests="1" name="testcase.FirstOpeartionTest" time="12.509" errors="0" timestamp="2024-06-07T19:58:06 IST" skipped="0">
  <testcase classname="testcase.FirstOpeartionTest" name="search" time="12.509"/>
</testsuite> <!-- testcase.FirstOpeartionTest -->
